2023-07-07 17:38:35,839 INFO [SpringContextShutdownHook][ExecutorConfigurationSupport.java:218] - Shutting down ExecutorService 'taskScheduler'
2023-07-07 17:38:35,839 INFO [SpringContextShutdownHook][ExecutorConfigurationSupport.java:218] - Shutting down ExecutorService 'taskScheduler'
2023-07-07 17:38:35,975 INFO [SpringContextShutdownHook][ExecutorConfigurationSupport.java:218] - Shutting down ExecutorService 'applicationTaskExecutor'
2023-07-07 17:38:35,975 INFO [SpringContextShutdownHook][ExecutorConfigurationSupport.java:218] - Shutting down ExecutorService 'applicationTaskExecutor'
2023-07-07 17:38:36,336 DEBUG [com.alibaba.nacos.naming.failover][FailoverReactor.java:147] - failover switch is not found, failover00-00---000-VIPSRV_FAILOVER_SWITCH-000---00-00
2023-07-07 17:38:36,336 DEBUG [com.alibaba.nacos.naming.failover][FailoverReactor.java:147] - failover switch is not found, failover00-00---000-VIPSRV_FAILOVER_SWITCH-000---00-00
2023-07-07 17:38:36,530 WARN [Thread-30][NotifyCenter.java:145] - [NotifyCenter] Start destroying Publisher
2023-07-07 17:38:36,530 WARN [Thread-30][NotifyCenter.java:145] - [NotifyCenter] Start destroying Publisher
2023-07-07 17:38:36,531 WARN [Thread-30][NotifyCenter.java:162] - [NotifyCenter] Destruction of the end
2023-07-07 17:38:36,531 WARN [Thread-30][NotifyCenter.java:162] - [NotifyCenter] Destruction of the end
2023-07-07 17:38:36,531 WARN [Thread-6][HttpClientBeanHolder.java:108] - [HttpClientBeanHolder] Start destroying common HttpClient
2023-07-07 17:38:36,531 WARN [Thread-6][HttpClientBeanHolder.java:108] - [HttpClientBeanHolder] Start destroying common HttpClient
2023-07-07 17:38:36,533 WARN [Thread-6][HttpClientBeanHolder.java:114] - [HttpClientBeanHolder] Destruction of the end
2023-07-07 17:38:36,533 WARN [Thread-6][HttpClientBeanHolder.java:114] - [HttpClientBeanHolder] Destruction of the end
2023-07-07 17:38:36,558 INFO [SpringContextShutdownHook][ExecutorConfigurationSupport.java:218] - Shutting down ExecutorService 'Nacos-Watch-Task-Scheduler'
2023-07-07 17:38:36,558 INFO [SpringContextShutdownHook][ExecutorConfigurationSupport.java:218] - Shutting down ExecutorService 'Nacos-Watch-Task-Scheduler'
2023-07-07 17:38:36,569 INFO [SpringContextShutdownHook][NacosServiceRegistry.java:94] - De-registering from Nacos Server now...
2023-07-07 17:38:36,569 INFO [SpringContextShutdownHook][NacosServiceRegistry.java:94] - De-registering from Nacos Server now...
2023-07-07 17:38:36,569 INFO [SpringContextShutdownHook][BeatReactor.java:101] - [BEAT] removing beat: xuecheng-plus-project@@gateway:192.168.200.100:63010 from beat map.
2023-07-07 17:38:36,569 INFO [SpringContextShutdownHook][BeatReactor.java:101] - [BEAT] removing beat: xuecheng-plus-project@@gateway:192.168.200.100:63010 from beat map.
2023-07-07 17:38:36,571 INFO [SpringContextShutdownHook][NamingProxy.java:260] - [DEREGISTER-SERVICE] 93aafdc2-d490-49c3-999e-53f0a6cf204f deregistering service xuecheng-plus-project@@gateway with instance: Instance{instanceId='null', ip='192.168.200.100', port=63010, weight=1.0, healthy=true, enabled=true, ephemeral=true, clusterName='DEFAULT', serviceName='null', metadata={}}
2023-07-07 17:38:36,571 INFO [SpringContextShutdownHook][NamingProxy.java:260] - [DEREGISTER-SERVICE] 93aafdc2-d490-49c3-999e-53f0a6cf204f deregistering service xuecheng-plus-project@@gateway with instance: Instance{instanceId='null', ip='192.168.200.100', port=63010, weight=1.0, healthy=true, enabled=true, ephemeral=true, clusterName='DEFAULT', serviceName='null', metadata={}}
2023-07-07 17:38:36,571 DEBUG [SpringContextShutdownHook][NacosRestTemplate.java:476] - HTTP method: DELETE, url: http://localhost:8848/nacos/v1/ns/instance?app=unknown&namespaceId=93aafdc2-d490-49c3-999e-53f0a6cf204f&port=63010&clusterName=DEFAULT&ip=192.168.200.100&ephemeral=true&serviceName=xuecheng-plus-project%40%40gateway, body: {}
2023-07-07 17:38:36,571 DEBUG [SpringContextShutdownHook][NacosRestTemplate.java:476] - HTTP method: DELETE, url: http://localhost:8848/nacos/v1/ns/instance?app=unknown&namespaceId=93aafdc2-d490-49c3-999e-53f0a6cf204f&port=63010&clusterName=DEFAULT&ip=192.168.200.100&ephemeral=true&serviceName=xuecheng-plus-project%40%40gateway, body: {}
2023-07-07 17:38:36,572 INFO [SpringContextShutdownHook][NacosServiceRegistry.java:114] - De-registration finished.
2023-07-07 17:38:36,572 INFO [SpringContextShutdownHook][NacosServiceRegistry.java:114] - De-registration finished.
2023-07-07 17:38:36,573 INFO [SpringContextShutdownHook][BeatReactor.java:147] - com.alibaba.nacos.client.naming.beat.BeatReactor do shutdown begin
2023-07-07 17:38:36,573 INFO [SpringContextShutdownHook][BeatReactor.java:147] - com.alibaba.nacos.client.naming.beat.BeatReactor do shutdown begin
2023-07-07 17:38:37,087 INFO [com.alibaba.nacos.naming.push.receiver][PushReceiver.java:97] - received push data: {"type":"dom","data":"{\"name\":\"xuecheng-plus-project@@gateway\",\"clusters\":\"DEFAULT\",\"cacheMillis\":10000,\"hosts\":[],\"lastRefTime\":1688722717086,\"checksum\":\"\",\"allIPs\":false,\"reachProtectionThreshold\":false,\"valid\":true}","lastRefTime":30442610449100} from /192.168.150.102
2023-07-07 17:38:37,087 INFO [com.alibaba.nacos.naming.push.receiver][PushReceiver.java:97] - received push data: {"type":"dom","data":"{\"name\":\"xuecheng-plus-project@@gateway\",\"clusters\":\"DEFAULT\",\"cacheMillis\":10000,\"hosts\":[],\"lastRefTime\":1688722717086,\"checksum\":\"\",\"allIPs\":false,\"reachProtectionThreshold\":false,\"valid\":true}","lastRefTime":30442610449100} from /192.168.150.102
2023-07-07 17:38:37,088 INFO [com.alibaba.nacos.naming.push.receiver][HostReactor.java:238] - removed ips(1) service: xuecheng-plus-project@@gateway@@DEFAULT -> [{"instanceId":"192.168.200.100#63010#DEFAULT#xuecheng-plus-project@@gateway","ip":"192.168.200.100","port":63010,"weight":1.0,"healthy":true,"enabled":true,"ephemeral":true,"clusterName":"DEFAULT","serviceName":"xuecheng-plus-project@@gateway","metadata":{"preserved.register.source":"SPRING_CLOUD"},"instanceHeartBeatTimeOut":15000,"instanceHeartBeatInterval":5000,"ipDeleteTimeout":30000}]
2023-07-07 17:38:37,088 INFO [com.alibaba.nacos.naming.push.receiver][HostReactor.java:238] - removed ips(1) service: xuecheng-plus-project@@gateway@@DEFAULT -> [{"instanceId":"192.168.200.100#63010#DEFAULT#xuecheng-plus-project@@gateway","ip":"192.168.200.100","port":63010,"weight":1.0,"healthy":true,"enabled":true,"ephemeral":true,"clusterName":"DEFAULT","serviceName":"xuecheng-plus-project@@gateway","metadata":{"preserved.register.source":"SPRING_CLOUD"},"instanceHeartBeatTimeOut":15000,"instanceHeartBeatInterval":5000,"ipDeleteTimeout":30000}]
2023-07-07 17:38:37,088 DEBUG [nacos.publisher-com.alibaba.nacos.client.naming.event.InstancesChangeEvent][DefaultPublisher.java:193] - [NotifyCenter] the com.alibaba.nacos.client.naming.event.InstancesChangeEvent@2a67bb7a will received by com.alibaba.nacos.client.naming.event.InstancesChangeNotifier@44d64d4e
2023-07-07 17:38:37,088 DEBUG [nacos.publisher-com.alibaba.nacos.client.naming.event.InstancesChangeEvent][DefaultPublisher.java:193] - [NotifyCenter] the com.alibaba.nacos.client.naming.event.InstancesChangeEvent@2a67bb7a will received by com.alibaba.nacos.client.naming.event.InstancesChangeNotifier@44d64d4e
2023-07-07 17:38:37,089 INFO [com.alibaba.nacos.naming.push.receiver][HostReactor.java:271] - current ips:(0) service: xuecheng-plus-project@@gateway@@DEFAULT -> []
2023-07-07 17:38:37,089 INFO [com.alibaba.nacos.naming.push.receiver][HostReactor.java:271] - current ips:(0) service: xuecheng-plus-project@@gateway@@DEFAULT -> []
2023-07-07 17:38:39,607 INFO [SpringContextShutdownHook][BeatReactor.java:149] - com.alibaba.nacos.client.naming.beat.BeatReactor do shutdown stop
2023-07-07 17:38:39,607 INFO [SpringContextShutdownHook][BeatReactor.java:149] - com.alibaba.nacos.client.naming.beat.BeatReactor do shutdown stop
2023-07-07 17:38:39,609 INFO [SpringContextShutdownHook][HostReactor.java:413] - com.alibaba.nacos.client.naming.core.HostReactor do shutdown begin
2023-07-07 17:38:39,609 INFO [SpringContextShutdownHook][HostReactor.java:413] - com.alibaba.nacos.client.naming.core.HostReactor do shutdown begin
2023-07-07 17:38:41,350 DEBUG [com.alibaba.nacos.naming.failover][FailoverReactor.java:147] - failover switch is not found, failover00-00---000-VIPSRV_FAILOVER_SWITCH-000---00-00
2023-07-07 17:38:41,350 DEBUG [com.alibaba.nacos.naming.failover][FailoverReactor.java:147] - failover switch is not found, failover00-00---000-VIPSRV_FAILOVER_SWITCH-000---00-00
2023-07-07 17:38:42,643 INFO [SpringContextShutdownHook][PushReceiver.java:132] - com.alibaba.nacos.client.naming.core.PushReceiver do shutdown begin
2023-07-07 17:38:42,643 INFO [SpringContextShutdownHook][PushReceiver.java:132] - com.alibaba.nacos.client.naming.core.PushReceiver do shutdown begin
2023-07-07 17:38:45,673 INFO [SpringContextShutdownHook][PushReceiver.java:136] - com.alibaba.nacos.client.naming.core.PushReceiver do shutdown stop
2023-07-07 17:38:45,673 INFO [SpringContextShutdownHook][PushReceiver.java:136] - com.alibaba.nacos.client.naming.core.PushReceiver do shutdown stop
2023-07-07 17:38:45,673 INFO [SpringContextShutdownHook][FailoverReactor.java:132] - com.alibaba.nacos.client.naming.backups.FailoverReactor do shutdown begin
2023-07-07 17:38:45,673 INFO [SpringContextShutdownHook][FailoverReactor.java:132] - com.alibaba.nacos.client.naming.backups.FailoverReactor do shutdown begin
2023-07-07 17:38:45,673 INFO [SpringContextShutdownHook][FailoverReactor.java:134] - com.alibaba.nacos.client.naming.backups.FailoverReactor do shutdown stop
2023-07-07 17:38:45,673 INFO [SpringContextShutdownHook][FailoverReactor.java:134] - com.alibaba.nacos.client.naming.backups.FailoverReactor do shutdown stop
2023-07-07 17:38:45,674 INFO [SpringContextShutdownHook][HostReactor.java:418] - com.alibaba.nacos.client.naming.core.HostReactor do shutdown stop
2023-07-07 17:38:45,674 INFO [SpringContextShutdownHook][HostReactor.java:418] - com.alibaba.nacos.client.naming.core.HostReactor do shutdown stop
2023-07-07 17:38:45,674 INFO [SpringContextShutdownHook][NamingProxy.java:719] - com.alibaba.nacos.client.naming.net.NamingProxy do shutdown begin
2023-07-07 17:38:45,674 INFO [SpringContextShutdownHook][NamingProxy.java:719] - com.alibaba.nacos.client.naming.net.NamingProxy do shutdown begin
2023-07-07 17:38:45,674 WARN [SpringContextShutdownHook][NamingHttpClientManager.java:72] - [NamingHttpClientManager] Start destroying NacosRestTemplate
2023-07-07 17:38:45,674 WARN [SpringContextShutdownHook][NamingHttpClientManager.java:72] - [NamingHttpClientManager] Start destroying NacosRestTemplate
2023-07-07 17:38:45,674 WARN [SpringContextShutdownHook][NamingHttpClientManager.java:79] - [NamingHttpClientManager] Destruction of the end
2023-07-07 17:38:45,674 WARN [SpringContextShutdownHook][NamingHttpClientManager.java:79] - [NamingHttpClientManager] Destruction of the end
2023-07-07 17:38:45,675 INFO [SpringContextShutdownHook][CredentialWatcher.java:105] - [null] CredentialWatcher is stopped
2023-07-07 17:38:45,675 INFO [SpringContextShutdownHook][CredentialWatcher.java:105] - [null] CredentialWatcher is stopped
2023-07-07 17:38:45,675 INFO [SpringContextShutdownHook][CredentialService.java:98] - [null] CredentialService is freed
2023-07-07 17:38:45,675 INFO [SpringContextShutdownHook][CredentialService.java:98] - [null] CredentialService is freed
2023-07-07 17:38:45,675 INFO [SpringContextShutdownHook][NamingProxy.java:723] - com.alibaba.nacos.client.naming.net.NamingProxy do shutdown stop
2023-07-07 17:38:45,675 INFO [SpringContextShutdownHook][NamingProxy.java:723] - com.alibaba.nacos.client.naming.net.NamingProxy do shutdown stop
2023-07-07 17:38:45,675 WARN [SpringContextShutdownHook][DisposableBeanAdapter.java:349] - Destroy method 'close' on bean with name 'nacosServiceRegistry' threw an exception: java.lang.NullPointerException
2023-07-07 17:38:45,675 WARN [SpringContextShutdownHook][DisposableBeanAdapter.java:349] - Destroy method 'close' on bean with name 'nacosServiceRegistry' threw an exception: java.lang.NullPointerException
