2023-05-04 10:44:51,158 INFO [http-nio-63040-exec-1][DirectJDKLog.java:173] - Initializing Spring DispatcherServlet 'dispatcherServlet'
2023-05-04 10:44:51,158 INFO [http-nio-63040-exec-1][DirectJDKLog.java:173] - Initializing Spring DispatcherServlet 'dispatcherServlet'
2023-05-04 10:44:51,168 INFO [http-nio-63040-exec-1][FrameworkServlet.java:525] - Initializing Servlet 'dispatcherServlet'
2023-05-04 10:44:51,168 INFO [http-nio-63040-exec-1][FrameworkServlet.java:525] - Initializing Servlet 'dispatcherServlet'
2023-05-04 10:44:51,168 DEBUG [http-nio-63040-exec-1][DispatcherServlet.java:526] - Detected StandardServletMultipartResolver
2023-05-04 10:44:51,168 DEBUG [http-nio-63040-exec-1][DispatcherServlet.java:526] - Detected StandardServletMultipartResolver
2023-05-04 10:44:51,174 DEBUG [http-nio-63040-exec-1][FrameworkServlet.java:542] - enableLoggingRequestDetails='false': request parameters and headers will be masked to prevent unsafe logging of potentially sensitive data
2023-05-04 10:44:51,174 DEBUG [http-nio-63040-exec-1][FrameworkServlet.java:542] - enableLoggingRequestDetails='false': request parameters and headers will be masked to prevent unsafe logging of potentially sensitive data
2023-05-04 10:44:51,174 INFO [http-nio-63040-exec-1][FrameworkServlet.java:547] - Completed initialization in 6 ms
2023-05-04 10:44:51,174 INFO [http-nio-63040-exec-1][FrameworkServlet.java:547] - Completed initialization in 6 ms
2023-05-04 10:44:51,183 DEBUG [http-nio-63040-exec-1][LogFormatUtils.java:91] - POST "/content/course/list?pageNo=1&pageSize=10", parameters={masked}
2023-05-04 10:44:51,183 DEBUG [http-nio-63040-exec-1][LogFormatUtils.java:91] - POST "/content/course/list?pageNo=1&pageSize=10", parameters={masked}
2023-05-04 10:44:51,186 DEBUG [http-nio-63040-exec-1][AbstractHandlerMapping.java:415] - Mapped to com.xuecheng.content.CourseBaseInfoController#list(PageParams, QueryCourseParamsDto)
2023-05-04 10:44:51,186 DEBUG [http-nio-63040-exec-1][AbstractHandlerMapping.java:415] - Mapped to com.xuecheng.content.CourseBaseInfoController#list(PageParams, QueryCourseParamsDto)
2023-05-04 10:44:51,230 DEBUG [http-nio-63040-exec-1][LogFormatUtils.java:91] - Read "application/json;charset=UTF-8" to [QueryCourseParamsDto(auditStatus=, courseName=, publishStatus=null)]
2023-05-04 10:44:51,230 DEBUG [http-nio-63040-exec-1][LogFormatUtils.java:91] - Read "application/json;charset=UTF-8" to [QueryCourseParamsDto(auditStatus=, courseName=, publishStatus=null)]
2023-05-04 10:44:51,252 DEBUG [http-nio-63040-exec-1][Logger.java:49] - Creating a new SqlSession
2023-05-04 10:44:51,252 DEBUG [http-nio-63040-exec-1][Logger.java:49] - Creating a new SqlSession
2023-05-04 10:44:51,257 DEBUG [http-nio-63040-exec-1][Logger.java:49] - SqlSession [org.apache.ibatis.session.defaults.DefaultSqlSession@1e5a0af] was not registered for synchronization because synchronization is not active
2023-05-04 10:44:51,257 DEBUG [http-nio-63040-exec-1][Logger.java:49] - SqlSession [org.apache.ibatis.session.defaults.DefaultSqlSession@1e5a0af] was not registered for synchronization because synchronization is not active
2023-05-04 10:44:51,298 DEBUG [http-nio-63040-exec-1][DataSourceUtils.java:115] - Fetching JDBC Connection from DataSource
2023-05-04 10:44:51,298 DEBUG [http-nio-63040-exec-1][DataSourceUtils.java:115] - Fetching JDBC Connection from DataSource
2023-05-04 10:44:51,299 DEBUG [http-nio-63040-exec-1][HikariConfig.java:1066] - HikariPool-1 - configuration:
2023-05-04 10:44:51,299 DEBUG [http-nio-63040-exec-1][HikariConfig.java:1066] - HikariPool-1 - configuration:
2023-05-04 10:44:51,300 DEBUG [http-nio-63040-exec-1][HikariConfig.java:1098] - allowPoolSuspension.............false
2023-05-04 10:44:51,300 DEBUG [http-nio-63040-exec-1][HikariConfig.java:1098] - allowPoolSuspension.............false
2023-05-04 10:44:51,300 DEBUG [http-nio-63040-exec-1][HikariConfig.java:1098] - autoCommit......................true
2023-05-04 10:44:51,300 DEBUG [http-nio-63040-exec-1][HikariConfig.java:1098] - autoCommit......................true
2023-05-04 10:44:51,301 DEBUG [http-nio-63040-exec-1][HikariConfig.java:1098] - catalog.........................none
2023-05-04 10:44:51,301 DEBUG [http-nio-63040-exec-1][HikariConfig.java:1098] - catalog.........................none
2023-05-04 10:44:51,301 DEBUG [http-nio-63040-exec-1][HikariConfig.java:1098] - connectionInitSql...............none
2023-05-04 10:44:51,301 DEBUG [http-nio-63040-exec-1][HikariConfig.java:1098] - connectionInitSql...............none
2023-05-04 10:44:51,301 DEBUG [http-nio-63040-exec-1][HikariConfig.java:1098] - connectionTestQuery.............none
2023-05-04 10:44:51,301 DEBUG [http-nio-63040-exec-1][HikariConfig.java:1098] - connectionTestQuery.............none
2023-05-04 10:44:51,301 DEBUG [http-nio-63040-exec-1][HikariConfig.java:1098] - connectionTimeout...............30000
2023-05-04 10:44:51,301 DEBUG [http-nio-63040-exec-1][HikariConfig.java:1098] - connectionTimeout...............30000
2023-05-04 10:44:51,301 DEBUG [http-nio-63040-exec-1][HikariConfig.java:1098] - dataSource......................none
2023-05-04 10:44:51,301 DEBUG [http-nio-63040-exec-1][HikariConfig.java:1098] - dataSource......................none
2023-05-04 10:44:51,301 DEBUG [http-nio-63040-exec-1][HikariConfig.java:1098] - dataSourceClassName.............none
2023-05-04 10:44:51,301 DEBUG [http-nio-63040-exec-1][HikariConfig.java:1098] - dataSourceClassName.............none
2023-05-04 10:44:51,301 DEBUG [http-nio-63040-exec-1][HikariConfig.java:1098] - dataSourceJNDI..................none
2023-05-04 10:44:51,301 DEBUG [http-nio-63040-exec-1][HikariConfig.java:1098] - dataSourceJNDI..................none
2023-05-04 10:44:51,302 DEBUG [http-nio-63040-exec-1][HikariConfig.java:1098] - dataSourceProperties............{password=<masked>}
2023-05-04 10:44:51,302 DEBUG [http-nio-63040-exec-1][HikariConfig.java:1098] - dataSourceProperties............{password=<masked>}
2023-05-04 10:44:51,302 DEBUG [http-nio-63040-exec-1][HikariConfig.java:1098] - driverClassName................."com.mysql.cj.jdbc.Driver"
2023-05-04 10:44:51,302 DEBUG [http-nio-63040-exec-1][HikariConfig.java:1098] - driverClassName................."com.mysql.cj.jdbc.Driver"
2023-05-04 10:44:51,302 DEBUG [http-nio-63040-exec-1][HikariConfig.java:1098] - exceptionOverrideClassName......none
2023-05-04 10:44:51,302 DEBUG [http-nio-63040-exec-1][HikariConfig.java:1098] - exceptionOverrideClassName......none
2023-05-04 10:44:51,302 DEBUG [http-nio-63040-exec-1][HikariConfig.java:1098] - healthCheckProperties...........{}
2023-05-04 10:44:51,302 DEBUG [http-nio-63040-exec-1][HikariConfig.java:1098] - healthCheckProperties...........{}
2023-05-04 10:44:51,302 DEBUG [http-nio-63040-exec-1][HikariConfig.java:1098] - healthCheckRegistry.............none
2023-05-04 10:44:51,302 DEBUG [http-nio-63040-exec-1][HikariConfig.java:1098] - healthCheckRegistry.............none
2023-05-04 10:44:51,302 DEBUG [http-nio-63040-exec-1][HikariConfig.java:1098] - idleTimeout.....................600000
2023-05-04 10:44:51,302 DEBUG [http-nio-63040-exec-1][HikariConfig.java:1098] - idleTimeout.....................600000
2023-05-04 10:44:51,302 DEBUG [http-nio-63040-exec-1][HikariConfig.java:1098] - initializationFailTimeout.......1
2023-05-04 10:44:51,302 DEBUG [http-nio-63040-exec-1][HikariConfig.java:1098] - initializationFailTimeout.......1
2023-05-04 10:44:51,303 DEBUG [http-nio-63040-exec-1][HikariConfig.java:1098] - isolateInternalQueries..........false
2023-05-04 10:44:51,303 DEBUG [http-nio-63040-exec-1][HikariConfig.java:1098] - isolateInternalQueries..........false
2023-05-04 10:44:51,303 DEBUG [http-nio-63040-exec-1][HikariConfig.java:1098] - jdbcUrl.........................jdbc:mysql://127.0.0.1:3306/xc_content?serverTimezone=UTC&userUnicode=true&useSSL=false&
2023-05-04 10:44:51,303 DEBUG [http-nio-63040-exec-1][HikariConfig.java:1098] - jdbcUrl.........................jdbc:mysql://127.0.0.1:3306/xc_content?serverTimezone=UTC&userUnicode=true&useSSL=false&
2023-05-04 10:44:51,303 DEBUG [http-nio-63040-exec-1][HikariConfig.java:1098] - leakDetectionThreshold..........0
2023-05-04 10:44:51,303 DEBUG [http-nio-63040-exec-1][HikariConfig.java:1098] - leakDetectionThreshold..........0
2023-05-04 10:44:51,303 DEBUG [http-nio-63040-exec-1][HikariConfig.java:1098] - maxLifetime.....................1800000
2023-05-04 10:44:51,303 DEBUG [http-nio-63040-exec-1][HikariConfig.java:1098] - maxLifetime.....................1800000
2023-05-04 10:44:51,303 DEBUG [http-nio-63040-exec-1][HikariConfig.java:1098] - maximumPoolSize.................10
2023-05-04 10:44:51,303 DEBUG [http-nio-63040-exec-1][HikariConfig.java:1098] - maximumPoolSize.................10
2023-05-04 10:44:51,303 DEBUG [http-nio-63040-exec-1][HikariConfig.java:1098] - metricRegistry..................none
2023-05-04 10:44:51,303 DEBUG [http-nio-63040-exec-1][HikariConfig.java:1098] - metricRegistry..................none
2023-05-04 10:44:51,303 DEBUG [http-nio-63040-exec-1][HikariConfig.java:1098] - metricsTrackerFactory...........none
2023-05-04 10:44:51,303 DEBUG [http-nio-63040-exec-1][HikariConfig.java:1098] - metricsTrackerFactory...........none
2023-05-04 10:44:51,303 DEBUG [http-nio-63040-exec-1][HikariConfig.java:1098] - minimumIdle.....................10
2023-05-04 10:44:51,303 DEBUG [http-nio-63040-exec-1][HikariConfig.java:1098] - minimumIdle.....................10
2023-05-04 10:44:51,303 DEBUG [http-nio-63040-exec-1][HikariConfig.java:1098] - password........................<masked>
2023-05-04 10:44:51,303 DEBUG [http-nio-63040-exec-1][HikariConfig.java:1098] - password........................<masked>
2023-05-04 10:44:51,303 DEBUG [http-nio-63040-exec-1][HikariConfig.java:1098] - poolName........................"HikariPool-1"
2023-05-04 10:44:51,303 DEBUG [http-nio-63040-exec-1][HikariConfig.java:1098] - poolName........................"HikariPool-1"
2023-05-04 10:44:51,304 DEBUG [http-nio-63040-exec-1][HikariConfig.java:1098] - readOnly........................false
2023-05-04 10:44:51,304 DEBUG [http-nio-63040-exec-1][HikariConfig.java:1098] - readOnly........................false
2023-05-04 10:44:51,304 DEBUG [http-nio-63040-exec-1][HikariConfig.java:1098] - registerMbeans..................false
2023-05-04 10:44:51,304 DEBUG [http-nio-63040-exec-1][HikariConfig.java:1098] - registerMbeans..................false
2023-05-04 10:44:51,304 DEBUG [http-nio-63040-exec-1][HikariConfig.java:1098] - scheduledExecutor...............none
2023-05-04 10:44:51,304 DEBUG [http-nio-63040-exec-1][HikariConfig.java:1098] - scheduledExecutor...............none
2023-05-04 10:44:51,304 DEBUG [http-nio-63040-exec-1][HikariConfig.java:1098] - schema..........................none
2023-05-04 10:44:51,304 DEBUG [http-nio-63040-exec-1][HikariConfig.java:1098] - schema..........................none
2023-05-04 10:44:51,304 DEBUG [http-nio-63040-exec-1][HikariConfig.java:1098] - threadFactory...................internal
2023-05-04 10:44:51,304 DEBUG [http-nio-63040-exec-1][HikariConfig.java:1098] - threadFactory...................internal
2023-05-04 10:44:51,304 DEBUG [http-nio-63040-exec-1][HikariConfig.java:1098] - transactionIsolation............default
2023-05-04 10:44:51,304 DEBUG [http-nio-63040-exec-1][HikariConfig.java:1098] - transactionIsolation............default
2023-05-04 10:44:51,304 DEBUG [http-nio-63040-exec-1][HikariConfig.java:1098] - username........................"root"
2023-05-04 10:44:51,304 DEBUG [http-nio-63040-exec-1][HikariConfig.java:1098] - username........................"root"
2023-05-04 10:44:51,304 DEBUG [http-nio-63040-exec-1][HikariConfig.java:1098] - validationTimeout...............5000
2023-05-04 10:44:51,304 DEBUG [http-nio-63040-exec-1][HikariConfig.java:1098] - validationTimeout...............5000
2023-05-04 10:44:51,304 INFO [http-nio-63040-exec-1][HikariDataSource.java:110] - HikariPool-1 - Starting...
2023-05-04 10:44:51,304 INFO [http-nio-63040-exec-1][HikariDataSource.java:110] - HikariPool-1 - Starting...
2023-05-04 10:44:51,409 DEBUG [http-nio-63040-exec-1][HikariPool.java:564] - HikariPool-1 - Added connection com.mysql.cj.jdbc.ConnectionImpl@898fa4
2023-05-04 10:44:51,409 DEBUG [http-nio-63040-exec-1][HikariPool.java:564] - HikariPool-1 - Added connection com.mysql.cj.jdbc.ConnectionImpl@898fa4
2023-05-04 10:44:51,410 INFO [http-nio-63040-exec-1][HikariDataSource.java:123] - HikariPool-1 - Start completed.
2023-05-04 10:44:51,410 INFO [http-nio-63040-exec-1][HikariDataSource.java:123] - HikariPool-1 - Start completed.
2023-05-04 10:44:51,413 DEBUG [http-nio-63040-exec-1][Logger.java:49] - JDBC Connection [HikariProxyConnection@31776479 wrapping com.mysql.cj.jdbc.ConnectionImpl@898fa4] will not be managed by Spring
2023-05-04 10:44:51,413 DEBUG [http-nio-63040-exec-1][Logger.java:49] - JDBC Connection [HikariProxyConnection@31776479 wrapping com.mysql.cj.jdbc.ConnectionImpl@898fa4] will not be managed by Spring
2023-05-04 10:44:51,416 DEBUG [http-nio-63040-exec-1][BaseJdbcLogger.java:137] - ==>  Preparing: SELECT COUNT(*) FROM course_base
2023-05-04 10:44:51,416 DEBUG [http-nio-63040-exec-1][BaseJdbcLogger.java:137] - ==>  Preparing: SELECT COUNT(*) FROM course_base
2023-05-04 10:44:51,433 DEBUG [http-nio-63040-exec-1][BaseJdbcLogger.java:137] - ==> Parameters: 
2023-05-04 10:44:51,433 DEBUG [http-nio-63040-exec-1][BaseJdbcLogger.java:137] - ==> Parameters: 
2023-05-04 10:44:51,453 DEBUG [http-nio-63040-exec-1][BaseJdbcLogger.java:137] - <==      Total: 1
2023-05-04 10:44:51,453 DEBUG [http-nio-63040-exec-1][BaseJdbcLogger.java:137] - <==      Total: 1
2023-05-04 10:44:51,460 DEBUG [http-nio-63040-exec-1][BaseJdbcLogger.java:137] - ==>  Preparing: SELECT id,company_id,company_name,name,users,tags,mt,st,grade,teachmode,description,pic,create_date,change_date,create_people,change_people,audit_status,status FROM course_base LIMIT ?
2023-05-04 10:44:51,460 DEBUG [http-nio-63040-exec-1][BaseJdbcLogger.java:137] - ==>  Preparing: SELECT id,company_id,company_name,name,users,tags,mt,st,grade,teachmode,description,pic,create_date,change_date,create_people,change_people,audit_status,status FROM course_base LIMIT ?
2023-05-04 10:44:51,461 DEBUG [http-nio-63040-exec-1][BaseJdbcLogger.java:137] - ==> Parameters: 10(Long)
2023-05-04 10:44:51,461 DEBUG [http-nio-63040-exec-1][BaseJdbcLogger.java:137] - ==> Parameters: 10(Long)
2023-05-04 10:44:51,467 DEBUG [http-nio-63040-exec-1][BaseJdbcLogger.java:137] - <==      Total: 10
2023-05-04 10:44:51,467 DEBUG [http-nio-63040-exec-1][BaseJdbcLogger.java:137] - <==      Total: 10
2023-05-04 10:44:51,468 DEBUG [http-nio-63040-exec-1][Logger.java:49] - Closing non transactional SqlSession [org.apache.ibatis.session.defaults.DefaultSqlSession@1e5a0af]
2023-05-04 10:44:51,468 DEBUG [http-nio-63040-exec-1][Logger.java:49] - Closing non transactional SqlSession [org.apache.ibatis.session.defaults.DefaultSqlSession@1e5a0af]
2023-05-04 10:44:51,485 DEBUG [http-nio-63040-exec-1][AbstractMessageConverterMethodProcessor.java:255] - Using 'application/json', given [application/json, text/plain, */*] and supported [application/json, application/*+json, application/json, application/*+json]
2023-05-04 10:44:51,485 DEBUG [http-nio-63040-exec-1][AbstractMessageConverterMethodProcessor.java:255] - Using 'application/json', given [application/json, text/plain, */*] and supported [application/json, application/*+json, application/json, application/*+json]
2023-05-04 10:44:51,486 DEBUG [http-nio-63040-exec-1][LogFormatUtils.java:91] - Writing [PageResult(items=[CourseBase(id=1, companyId=1232141425, companyName=, name=JAVA8/9/10新特性讲解123, user (truncated)...]
2023-05-04 10:44:51,486 DEBUG [http-nio-63040-exec-1][LogFormatUtils.java:91] - Writing [PageResult(items=[CourseBase(id=1, companyId=1232141425, companyName=, name=JAVA8/9/10新特性讲解123, user (truncated)...]
2023-05-04 10:44:51,500 DEBUG [http-nio-63040-exec-1][FrameworkServlet.java:1131] - Completed 200 OK
2023-05-04 10:44:51,500 DEBUG [http-nio-63040-exec-1][FrameworkServlet.java:1131] - Completed 200 OK
2023-05-04 10:44:51,512 DEBUG [HikariPool-1 housekeeper][HikariPool.java:421] - HikariPool-1 - Pool stats (total=1, active=0, idle=1, waiting=0)
2023-05-04 10:44:51,512 DEBUG [HikariPool-1 housekeeper][HikariPool.java:421] - HikariPool-1 - Pool stats (total=1, active=0, idle=1, waiting=0)
2023-05-04 10:44:51,518 DEBUG [HikariPool-1 connection adder][HikariPool.java:728] - HikariPool-1 - Added connection com.mysql.cj.jdbc.ConnectionImpl@13a83ad
2023-05-04 10:44:51,518 DEBUG [HikariPool-1 connection adder][HikariPool.java:728] - HikariPool-1 - Added connection com.mysql.cj.jdbc.ConnectionImpl@13a83ad
2023-05-04 10:44:51,520 DEBUG [HikariPool-1 connection adder][HikariPool.java:728] - HikariPool-1 - Added connection com.mysql.cj.jdbc.ConnectionImpl@78996
2023-05-04 10:44:51,520 DEBUG [HikariPool-1 connection adder][HikariPool.java:728] - HikariPool-1 - Added connection com.mysql.cj.jdbc.ConnectionImpl@78996
2023-05-04 10:44:51,523 DEBUG [HikariPool-1 connection adder][HikariPool.java:728] - HikariPool-1 - Added connection com.mysql.cj.jdbc.ConnectionImpl@1cb6f09
2023-05-04 10:44:51,523 DEBUG [HikariPool-1 connection adder][HikariPool.java:728] - HikariPool-1 - Added connection com.mysql.cj.jdbc.ConnectionImpl@1cb6f09
2023-05-04 10:44:51,526 DEBUG [HikariPool-1 connection adder][HikariPool.java:728] - HikariPool-1 - Added connection com.mysql.cj.jdbc.ConnectionImpl@2876d9
2023-05-04 10:44:51,526 DEBUG [HikariPool-1 connection adder][HikariPool.java:728] - HikariPool-1 - Added connection com.mysql.cj.jdbc.ConnectionImpl@2876d9
2023-05-04 10:44:51,529 DEBUG [HikariPool-1 connection adder][HikariPool.java:728] - HikariPool-1 - Added connection com.mysql.cj.jdbc.ConnectionImpl@1ef1f23
2023-05-04 10:44:51,529 DEBUG [HikariPool-1 connection adder][HikariPool.java:728] - HikariPool-1 - Added connection com.mysql.cj.jdbc.ConnectionImpl@1ef1f23
2023-05-04 10:44:51,532 DEBUG [HikariPool-1 connection adder][HikariPool.java:728] - HikariPool-1 - Added connection com.mysql.cj.jdbc.ConnectionImpl@666c58
2023-05-04 10:44:51,532 DEBUG [HikariPool-1 connection adder][HikariPool.java:728] - HikariPool-1 - Added connection com.mysql.cj.jdbc.ConnectionImpl@666c58
2023-05-04 10:44:51,535 DEBUG [HikariPool-1 connection adder][HikariPool.java:728] - HikariPool-1 - Added connection com.mysql.cj.jdbc.ConnectionImpl@b4cbc0
2023-05-04 10:44:51,535 DEBUG [HikariPool-1 connection adder][HikariPool.java:728] - HikariPool-1 - Added connection com.mysql.cj.jdbc.ConnectionImpl@b4cbc0
2023-05-04 10:44:51,538 DEBUG [HikariPool-1 connection adder][HikariPool.java:728] - HikariPool-1 - Added connection com.mysql.cj.jdbc.ConnectionImpl@11a9534
2023-05-04 10:44:51,538 DEBUG [HikariPool-1 connection adder][HikariPool.java:728] - HikariPool-1 - Added connection com.mysql.cj.jdbc.ConnectionImpl@11a9534
2023-05-04 10:44:51,540 DEBUG [HikariPool-1 connection adder][HikariPool.java:728] - HikariPool-1 - Added connection com.mysql.cj.jdbc.ConnectionImpl@1ab31c1
2023-05-04 10:44:51,540 DEBUG [HikariPool-1 connection adder][HikariPool.java:728] - HikariPool-1 - Added connection com.mysql.cj.jdbc.ConnectionImpl@1ab31c1
2023-05-04 10:44:51,541 DEBUG [HikariPool-1 connection adder][HikariPool.java:421] - HikariPool-1 - After adding stats (total=10, active=0, idle=10, waiting=0)
2023-05-04 10:44:51,541 DEBUG [HikariPool-1 connection adder][HikariPool.java:421] - HikariPool-1 - After adding stats (total=10, active=0, idle=10, waiting=0)
2023-05-04 10:45:21,012 DEBUG [HikariPool-1 housekeeper][HikariPool.java:421] - HikariPool-1 - Pool stats (total=10, active=0, idle=10, waiting=0)
2023-05-04 10:45:21,012 DEBUG [HikariPool-1 housekeeper][HikariPool.java:421] - HikariPool-1 - Pool stats (total=10, active=0, idle=10, waiting=0)
2023-05-04 10:45:21,012 DEBUG [HikariPool-1 housekeeper][HikariPool.java:517] - HikariPool-1 - Fill pool skipped, pool is at sufficient level.
2023-05-04 10:45:21,012 DEBUG [HikariPool-1 housekeeper][HikariPool.java:517] - HikariPool-1 - Fill pool skipped, pool is at sufficient level.
2023-05-04 10:45:21,513 DEBUG [HikariPool-1 housekeeper][HikariPool.java:421] - HikariPool-1 - Pool stats (total=10, active=0, idle=10, waiting=0)
2023-05-04 10:45:21,513 DEBUG [HikariPool-1 housekeeper][HikariPool.java:421] - HikariPool-1 - Pool stats (total=10, active=0, idle=10, waiting=0)
2023-05-04 10:45:21,513 DEBUG [HikariPool-1 housekeeper][HikariPool.java:517] - HikariPool-1 - Fill pool skipped, pool is at sufficient level.
2023-05-04 10:45:21,513 DEBUG [HikariPool-1 housekeeper][HikariPool.java:517] - HikariPool-1 - Fill pool skipped, pool is at sufficient level.
2023-05-04 10:45:51,013 DEBUG [HikariPool-1 housekeeper][HikariPool.java:421] - HikariPool-1 - Pool stats (total=10, active=0, idle=10, waiting=0)
2023-05-04 10:45:51,013 DEBUG [HikariPool-1 housekeeper][HikariPool.java:421] - HikariPool-1 - Pool stats (total=10, active=0, idle=10, waiting=0)
2023-05-04 10:45:51,013 DEBUG [HikariPool-1 housekeeper][HikariPool.java:517] - HikariPool-1 - Fill pool skipped, pool is at sufficient level.
2023-05-04 10:45:51,013 DEBUG [HikariPool-1 housekeeper][HikariPool.java:517] - HikariPool-1 - Fill pool skipped, pool is at sufficient level.
2023-05-04 10:45:51,515 DEBUG [HikariPool-1 housekeeper][HikariPool.java:421] - HikariPool-1 - Pool stats (total=10, active=0, idle=10, waiting=0)
2023-05-04 10:45:51,515 DEBUG [HikariPool-1 housekeeper][HikariPool.java:421] - HikariPool-1 - Pool stats (total=10, active=0, idle=10, waiting=0)
2023-05-04 10:45:51,515 DEBUG [HikariPool-1 housekeeper][HikariPool.java:517] - HikariPool-1 - Fill pool skipped, pool is at sufficient level.
2023-05-04 10:45:51,515 DEBUG [HikariPool-1 housekeeper][HikariPool.java:517] - HikariPool-1 - Fill pool skipped, pool is at sufficient level.
2023-05-04 10:46:21,014 DEBUG [HikariPool-1 housekeeper][HikariPool.java:421] - HikariPool-1 - Pool stats (total=10, active=0, idle=10, waiting=0)
2023-05-04 10:46:21,014 DEBUG [HikariPool-1 housekeeper][HikariPool.java:421] - HikariPool-1 - Pool stats (total=10, active=0, idle=10, waiting=0)
2023-05-04 10:46:21,014 DEBUG [HikariPool-1 housekeeper][HikariPool.java:517] - HikariPool-1 - Fill pool skipped, pool is at sufficient level.
2023-05-04 10:46:21,014 DEBUG [HikariPool-1 housekeeper][HikariPool.java:517] - HikariPool-1 - Fill pool skipped, pool is at sufficient level.
2023-05-04 10:46:21,517 DEBUG [HikariPool-1 housekeeper][HikariPool.java:421] - HikariPool-1 - Pool stats (total=10, active=0, idle=10, waiting=0)
2023-05-04 10:46:21,517 DEBUG [HikariPool-1 housekeeper][HikariPool.java:421] - HikariPool-1 - Pool stats (total=10, active=0, idle=10, waiting=0)
2023-05-04 10:46:21,517 DEBUG [HikariPool-1 housekeeper][HikariPool.java:517] - HikariPool-1 - Fill pool skipped, pool is at sufficient level.
2023-05-04 10:46:21,517 DEBUG [HikariPool-1 housekeeper][HikariPool.java:517] - HikariPool-1 - Fill pool skipped, pool is at sufficient level.
2023-05-04 10:46:51,016 DEBUG [HikariPool-1 housekeeper][HikariPool.java:421] - HikariPool-1 - Pool stats (total=10, active=0, idle=10, waiting=0)
2023-05-04 10:46:51,016 DEBUG [HikariPool-1 housekeeper][HikariPool.java:421] - HikariPool-1 - Pool stats (total=10, active=0, idle=10, waiting=0)
2023-05-04 10:46:51,016 DEBUG [HikariPool-1 housekeeper][HikariPool.java:517] - HikariPool-1 - Fill pool skipped, pool is at sufficient level.
2023-05-04 10:46:51,016 DEBUG [HikariPool-1 housekeeper][HikariPool.java:517] - HikariPool-1 - Fill pool skipped, pool is at sufficient level.
2023-05-04 10:46:51,518 DEBUG [HikariPool-1 housekeeper][HikariPool.java:421] - HikariPool-1 - Pool stats (total=10, active=0, idle=10, waiting=0)
2023-05-04 10:46:51,518 DEBUG [HikariPool-1 housekeeper][HikariPool.java:421] - HikariPool-1 - Pool stats (total=10, active=0, idle=10, waiting=0)
2023-05-04 10:46:51,518 DEBUG [HikariPool-1 housekeeper][HikariPool.java:517] - HikariPool-1 - Fill pool skipped, pool is at sufficient level.
2023-05-04 10:46:51,518 DEBUG [HikariPool-1 housekeeper][HikariPool.java:517] - HikariPool-1 - Fill pool skipped, pool is at sufficient level.
2023-05-04 10:47:21,018 DEBUG [HikariPool-1 housekeeper][HikariPool.java:421] - HikariPool-1 - Pool stats (total=10, active=0, idle=10, waiting=0)
2023-05-04 10:47:21,018 DEBUG [HikariPool-1 housekeeper][HikariPool.java:421] - HikariPool-1 - Pool stats (total=10, active=0, idle=10, waiting=0)
2023-05-04 10:47:21,018 DEBUG [HikariPool-1 housekeeper][HikariPool.java:517] - HikariPool-1 - Fill pool skipped, pool is at sufficient level.
2023-05-04 10:47:21,018 DEBUG [HikariPool-1 housekeeper][HikariPool.java:517] - HikariPool-1 - Fill pool skipped, pool is at sufficient level.
2023-05-04 10:47:21,520 DEBUG [HikariPool-1 housekeeper][HikariPool.java:421] - HikariPool-1 - Pool stats (total=10, active=0, idle=10, waiting=0)
2023-05-04 10:47:21,520 DEBUG [HikariPool-1 housekeeper][HikariPool.java:421] - HikariPool-1 - Pool stats (total=10, active=0, idle=10, waiting=0)
2023-05-04 10:47:21,520 DEBUG [HikariPool-1 housekeeper][HikariPool.java:517] - HikariPool-1 - Fill pool skipped, pool is at sufficient level.
2023-05-04 10:47:21,520 DEBUG [HikariPool-1 housekeeper][HikariPool.java:517] - HikariPool-1 - Fill pool skipped, pool is at sufficient level.
2023-05-04 10:47:51,019 DEBUG [HikariPool-1 housekeeper][HikariPool.java:421] - HikariPool-1 - Pool stats (total=10, active=0, idle=10, waiting=0)
2023-05-04 10:47:51,019 DEBUG [HikariPool-1 housekeeper][HikariPool.java:421] - HikariPool-1 - Pool stats (total=10, active=0, idle=10, waiting=0)
2023-05-04 10:47:51,020 DEBUG [HikariPool-1 housekeeper][HikariPool.java:517] - HikariPool-1 - Fill pool skipped, pool is at sufficient level.
2023-05-04 10:47:51,020 DEBUG [HikariPool-1 housekeeper][HikariPool.java:517] - HikariPool-1 - Fill pool skipped, pool is at sufficient level.
2023-05-04 10:47:51,521 DEBUG [HikariPool-1 housekeeper][HikariPool.java:421] - HikariPool-1 - Pool stats (total=10, active=0, idle=10, waiting=0)
2023-05-04 10:47:51,521 DEBUG [HikariPool-1 housekeeper][HikariPool.java:421] - HikariPool-1 - Pool stats (total=10, active=0, idle=10, waiting=0)
2023-05-04 10:47:51,521 DEBUG [HikariPool-1 housekeeper][HikariPool.java:517] - HikariPool-1 - Fill pool skipped, pool is at sufficient level.
2023-05-04 10:47:51,521 DEBUG [HikariPool-1 housekeeper][HikariPool.java:517] - HikariPool-1 - Fill pool skipped, pool is at sufficient level.
2023-05-04 10:48:21,022 DEBUG [HikariPool-1 housekeeper][HikariPool.java:421] - HikariPool-1 - Pool stats (total=10, active=0, idle=10, waiting=0)
2023-05-04 10:48:21,022 DEBUG [HikariPool-1 housekeeper][HikariPool.java:421] - HikariPool-1 - Pool stats (total=10, active=0, idle=10, waiting=0)
2023-05-04 10:48:21,023 DEBUG [HikariPool-1 housekeeper][HikariPool.java:517] - HikariPool-1 - Fill pool skipped, pool is at sufficient level.
2023-05-04 10:48:21,023 DEBUG [HikariPool-1 housekeeper][HikariPool.java:517] - HikariPool-1 - Fill pool skipped, pool is at sufficient level.
2023-05-04 10:48:21,523 DEBUG [HikariPool-1 housekeeper][HikariPool.java:421] - HikariPool-1 - Pool stats (total=10, active=0, idle=10, waiting=0)
2023-05-04 10:48:21,523 DEBUG [HikariPool-1 housekeeper][HikariPool.java:421] - HikariPool-1 - Pool stats (total=10, active=0, idle=10, waiting=0)
2023-05-04 10:48:21,523 DEBUG [HikariPool-1 housekeeper][HikariPool.java:517] - HikariPool-1 - Fill pool skipped, pool is at sufficient level.
2023-05-04 10:48:21,523 DEBUG [HikariPool-1 housekeeper][HikariPool.java:517] - HikariPool-1 - Fill pool skipped, pool is at sufficient level.
2023-05-04 10:48:51,024 DEBUG [HikariPool-1 housekeeper][HikariPool.java:421] - HikariPool-1 - Pool stats (total=10, active=0, idle=10, waiting=0)
2023-05-04 10:48:51,024 DEBUG [HikariPool-1 housekeeper][HikariPool.java:421] - HikariPool-1 - Pool stats (total=10, active=0, idle=10, waiting=0)
2023-05-04 10:48:51,025 DEBUG [HikariPool-1 housekeeper][HikariPool.java:517] - HikariPool-1 - Fill pool skipped, pool is at sufficient level.
2023-05-04 10:48:51,025 DEBUG [HikariPool-1 housekeeper][HikariPool.java:517] - HikariPool-1 - Fill pool skipped, pool is at sufficient level.
2023-05-04 10:48:51,524 DEBUG [HikariPool-1 housekeeper][HikariPool.java:421] - HikariPool-1 - Pool stats (total=10, active=0, idle=10, waiting=0)
2023-05-04 10:48:51,524 DEBUG [HikariPool-1 housekeeper][HikariPool.java:421] - HikariPool-1 - Pool stats (total=10, active=0, idle=10, waiting=0)
2023-05-04 10:48:51,525 DEBUG [HikariPool-1 housekeeper][HikariPool.java:517] - HikariPool-1 - Fill pool skipped, pool is at sufficient level.
2023-05-04 10:48:51,525 DEBUG [HikariPool-1 housekeeper][HikariPool.java:517] - HikariPool-1 - Fill pool skipped, pool is at sufficient level.
2023-05-04 10:49:21,027 DEBUG [HikariPool-1 housekeeper][HikariPool.java:421] - HikariPool-1 - Pool stats (total=10, active=0, idle=10, waiting=0)
2023-05-04 10:49:21,027 DEBUG [HikariPool-1 housekeeper][HikariPool.java:421] - HikariPool-1 - Pool stats (total=10, active=0, idle=10, waiting=0)
2023-05-04 10:49:21,027 DEBUG [HikariPool-1 housekeeper][HikariPool.java:517] - HikariPool-1 - Fill pool skipped, pool is at sufficient level.
2023-05-04 10:49:21,027 DEBUG [HikariPool-1 housekeeper][HikariPool.java:517] - HikariPool-1 - Fill pool skipped, pool is at sufficient level.
2023-05-04 10:49:21,526 DEBUG [HikariPool-1 housekeeper][HikariPool.java:421] - HikariPool-1 - Pool stats (total=10, active=0, idle=10, waiting=0)
2023-05-04 10:49:21,526 DEBUG [HikariPool-1 housekeeper][HikariPool.java:421] - HikariPool-1 - Pool stats (total=10, active=0, idle=10, waiting=0)
2023-05-04 10:49:21,526 DEBUG [HikariPool-1 housekeeper][HikariPool.java:517] - HikariPool-1 - Fill pool skipped, pool is at sufficient level.
2023-05-04 10:49:21,526 DEBUG [HikariPool-1 housekeeper][HikariPool.java:517] - HikariPool-1 - Fill pool skipped, pool is at sufficient level.
2023-05-04 10:49:51,028 DEBUG [HikariPool-1 housekeeper][HikariPool.java:421] - HikariPool-1 - Pool stats (total=10, active=0, idle=10, waiting=0)
2023-05-04 10:49:51,028 DEBUG [HikariPool-1 housekeeper][HikariPool.java:421] - HikariPool-1 - Pool stats (total=10, active=0, idle=10, waiting=0)
2023-05-04 10:49:51,028 DEBUG [HikariPool-1 housekeeper][HikariPool.java:517] - HikariPool-1 - Fill pool skipped, pool is at sufficient level.
2023-05-04 10:49:51,028 DEBUG [HikariPool-1 housekeeper][HikariPool.java:517] - HikariPool-1 - Fill pool skipped, pool is at sufficient level.
2023-05-04 10:49:51,527 DEBUG [HikariPool-1 housekeeper][HikariPool.java:421] - HikariPool-1 - Pool stats (total=10, active=0, idle=10, waiting=0)
2023-05-04 10:49:51,527 DEBUG [HikariPool-1 housekeeper][HikariPool.java:421] - HikariPool-1 - Pool stats (total=10, active=0, idle=10, waiting=0)
2023-05-04 10:49:51,527 DEBUG [HikariPool-1 housekeeper][HikariPool.java:517] - HikariPool-1 - Fill pool skipped, pool is at sufficient level.
2023-05-04 10:49:51,527 DEBUG [HikariPool-1 housekeeper][HikariPool.java:517] - HikariPool-1 - Fill pool skipped, pool is at sufficient level.
2023-05-04 10:50:21,029 DEBUG [HikariPool-1 housekeeper][HikariPool.java:421] - HikariPool-1 - Pool stats (total=10, active=0, idle=10, waiting=0)
2023-05-04 10:50:21,029 DEBUG [HikariPool-1 housekeeper][HikariPool.java:421] - HikariPool-1 - Pool stats (total=10, active=0, idle=10, waiting=0)
2023-05-04 10:50:21,029 DEBUG [HikariPool-1 housekeeper][HikariPool.java:517] - HikariPool-1 - Fill pool skipped, pool is at sufficient level.
2023-05-04 10:50:21,029 DEBUG [HikariPool-1 housekeeper][HikariPool.java:517] - HikariPool-1 - Fill pool skipped, pool is at sufficient level.
2023-05-04 10:50:21,529 DEBUG [HikariPool-1 housekeeper][HikariPool.java:421] - HikariPool-1 - Pool stats (total=10, active=0, idle=10, waiting=0)
2023-05-04 10:50:21,529 DEBUG [HikariPool-1 housekeeper][HikariPool.java:421] - HikariPool-1 - Pool stats (total=10, active=0, idle=10, waiting=0)
2023-05-04 10:50:21,529 DEBUG [HikariPool-1 housekeeper][HikariPool.java:517] - HikariPool-1 - Fill pool skipped, pool is at sufficient level.
2023-05-04 10:50:21,529 DEBUG [HikariPool-1 housekeeper][HikariPool.java:517] - HikariPool-1 - Fill pool skipped, pool is at sufficient level.
2023-05-04 10:50:35,044 DEBUG [SpringContextShutdownHook][AbstractApplicationContext.java:1006] - Closing org.springframework.boot.web.servlet.context.AnnotationConfigServletWebServerApplicationContext@1aeca0b, started on Thu May 04 09:21:05 CST 2023, parent: org.springframework.context.annotation.AnnotationConfigApplicationContext@1a8c737
2023-05-04 10:50:35,044 DEBUG [SpringContextShutdownHook][AbstractApplicationContext.java:1006] - Closing org.springframework.boot.web.servlet.context.AnnotationConfigServletWebServerApplicationContext@1aeca0b, started on Thu May 04 09:21:05 CST 2023, parent: org.springframework.context.annotation.AnnotationConfigApplicationContext@1a8c737
2023-05-04 10:50:35,046 DEBUG [SpringContextShutdownHook][DefaultLifecycleProcessor.java:369] - Stopping beans in phase 2147483647
2023-05-04 10:50:35,046 DEBUG [SpringContextShutdownHook][DefaultLifecycleProcessor.java:369] - Stopping beans in phase 2147483647
2023-05-04 10:50:35,046 DEBUG [SpringContextShutdownHook][DefaultLifecycleProcessor.java:242] - Bean 'documentationPluginsBootstrapper' completed its stop procedure
2023-05-04 10:50:35,046 DEBUG [SpringContextShutdownHook][DefaultLifecycleProcessor.java:242] - Bean 'documentationPluginsBootstrapper' completed its stop procedure
2023-05-04 10:50:35,047 DEBUG [SpringContextShutdownHook][DefaultLifecycleProcessor.java:242] - Bean 'webServerGracefulShutdown' completed its stop procedure
2023-05-04 10:50:35,047 DEBUG [SpringContextShutdownHook][DefaultLifecycleProcessor.java:242] - Bean 'webServerGracefulShutdown' completed its stop procedure
2023-05-04 10:50:35,047 DEBUG [SpringContextShutdownHook][DefaultLifecycleProcessor.java:369] - Stopping beans in phase 2147483646
2023-05-04 10:50:35,047 DEBUG [SpringContextShutdownHook][DefaultLifecycleProcessor.java:369] - Stopping beans in phase 2147483646
2023-05-04 10:50:35,253 DEBUG [SpringContextShutdownHook][DefaultLifecycleProcessor.java:242] - Bean 'webServerStartStop' completed its stop procedure
2023-05-04 10:50:35,253 DEBUG [SpringContextShutdownHook][DefaultLifecycleProcessor.java:242] - Bean 'webServerStartStop' completed its stop procedure
2023-05-04 10:50:35,253 DEBUG [SpringContextShutdownHook][MBeanExporter.java:452] - Unregistering JMX-exposed beans on shutdown
2023-05-04 10:50:35,253 DEBUG [SpringContextShutdownHook][MBeanExporter.java:452] - Unregistering JMX-exposed beans on shutdown
2023-05-04 10:50:35,254 DEBUG [SpringContextShutdownHook][MBeanRegistrationSupport.java:186] - Unregistering JMX-exposed beans
2023-05-04 10:50:35,254 DEBUG [SpringContextShutdownHook][MBeanRegistrationSupport.java:186] - Unregistering JMX-exposed beans
2023-05-04 10:50:35,254 INFO [SpringContextShutdownHook][ExecutorConfigurationSupport.java:218] - Shutting down ExecutorService 'applicationTaskExecutor'
2023-05-04 10:50:35,254 INFO [SpringContextShutdownHook][ExecutorConfigurationSupport.java:218] - Shutting down ExecutorService 'applicationTaskExecutor'
2023-05-04 10:50:35,255 INFO [SpringContextShutdownHook][HikariDataSource.java:350] - HikariPool-1 - Shutdown initiated...
2023-05-04 10:50:35,255 INFO [SpringContextShutdownHook][HikariDataSource.java:350] - HikariPool-1 - Shutdown initiated...
2023-05-04 10:50:35,255 DEBUG [SpringContextShutdownHook][HikariPool.java:421] - HikariPool-1 - Before shutdown stats (total=10, active=0, idle=10, waiting=0)
2023-05-04 10:50:35,255 DEBUG [SpringContextShutdownHook][HikariPool.java:421] - HikariPool-1 - Before shutdown stats (total=10, active=0, idle=10, waiting=0)
2023-05-04 10:50:35,256 DEBUG [HikariPool-1 connection closer][PoolBase.java:134] - HikariPool-1 - Closing connection com.mysql.cj.jdbc.ConnectionImpl@898fa4: (connection evicted)
2023-05-04 10:50:35,256 DEBUG [HikariPool-1 connection closer][PoolBase.java:134] - HikariPool-1 - Closing connection com.mysql.cj.jdbc.ConnectionImpl@898fa4: (connection evicted)
2023-05-04 10:50:35,259 DEBUG [HikariPool-1 connection closer][PoolBase.java:134] - HikariPool-1 - Closing connection com.mysql.cj.jdbc.ConnectionImpl@13a83ad: (connection evicted)
2023-05-04 10:50:35,259 DEBUG [HikariPool-1 connection closer][PoolBase.java:134] - HikariPool-1 - Closing connection com.mysql.cj.jdbc.ConnectionImpl@13a83ad: (connection evicted)
2023-05-04 10:50:35,259 DEBUG [HikariPool-1 connection closer][PoolBase.java:134] - HikariPool-1 - Closing connection com.mysql.cj.jdbc.ConnectionImpl@78996: (connection evicted)
2023-05-04 10:50:35,259 DEBUG [HikariPool-1 connection closer][PoolBase.java:134] - HikariPool-1 - Closing connection com.mysql.cj.jdbc.ConnectionImpl@78996: (connection evicted)
2023-05-04 10:50:35,260 DEBUG [HikariPool-1 connection closer][PoolBase.java:134] - HikariPool-1 - Closing connection com.mysql.cj.jdbc.ConnectionImpl@1cb6f09: (connection evicted)
2023-05-04 10:50:35,260 DEBUG [HikariPool-1 connection closer][PoolBase.java:134] - HikariPool-1 - Closing connection com.mysql.cj.jdbc.ConnectionImpl@1cb6f09: (connection evicted)
2023-05-04 10:50:35,260 DEBUG [HikariPool-1 connection closer][PoolBase.java:134] - HikariPool-1 - Closing connection com.mysql.cj.jdbc.ConnectionImpl@2876d9: (connection evicted)
2023-05-04 10:50:35,260 DEBUG [HikariPool-1 connection closer][PoolBase.java:134] - HikariPool-1 - Closing connection com.mysql.cj.jdbc.ConnectionImpl@2876d9: (connection evicted)
2023-05-04 10:50:35,260 DEBUG [HikariPool-1 connection closer][PoolBase.java:134] - HikariPool-1 - Closing connection com.mysql.cj.jdbc.ConnectionImpl@1ef1f23: (connection evicted)
2023-05-04 10:50:35,260 DEBUG [HikariPool-1 connection closer][PoolBase.java:134] - HikariPool-1 - Closing connection com.mysql.cj.jdbc.ConnectionImpl@1ef1f23: (connection evicted)
2023-05-04 10:50:35,260 DEBUG [HikariPool-1 connection closer][PoolBase.java:134] - HikariPool-1 - Closing connection com.mysql.cj.jdbc.ConnectionImpl@666c58: (connection evicted)
2023-05-04 10:50:35,260 DEBUG [HikariPool-1 connection closer][PoolBase.java:134] - HikariPool-1 - Closing connection com.mysql.cj.jdbc.ConnectionImpl@666c58: (connection evicted)
2023-05-04 10:50:35,260 DEBUG [HikariPool-1 connection closer][PoolBase.java:134] - HikariPool-1 - Closing connection com.mysql.cj.jdbc.ConnectionImpl@b4cbc0: (connection evicted)
2023-05-04 10:50:35,260 DEBUG [HikariPool-1 connection closer][PoolBase.java:134] - HikariPool-1 - Closing connection com.mysql.cj.jdbc.ConnectionImpl@b4cbc0: (connection evicted)
2023-05-04 10:50:35,261 DEBUG [HikariPool-1 connection closer][PoolBase.java:134] - HikariPool-1 - Closing connection com.mysql.cj.jdbc.ConnectionImpl@11a9534: (connection evicted)
2023-05-04 10:50:35,261 DEBUG [HikariPool-1 connection closer][PoolBase.java:134] - HikariPool-1 - Closing connection com.mysql.cj.jdbc.ConnectionImpl@11a9534: (connection evicted)
2023-05-04 10:50:35,261 DEBUG [HikariPool-1 connection closer][PoolBase.java:134] - HikariPool-1 - Closing connection com.mysql.cj.jdbc.ConnectionImpl@1ab31c1: (connection evicted)
2023-05-04 10:50:35,261 DEBUG [HikariPool-1 connection closer][PoolBase.java:134] - HikariPool-1 - Closing connection com.mysql.cj.jdbc.ConnectionImpl@1ab31c1: (connection evicted)
2023-05-04 10:50:35,261 DEBUG [SpringContextShutdownHook][HikariPool.java:421] - HikariPool-1 - After shutdown stats (total=0, active=0, idle=0, waiting=0)
2023-05-04 10:50:35,261 DEBUG [SpringContextShutdownHook][HikariPool.java:421] - HikariPool-1 - After shutdown stats (total=0, active=0, idle=0, waiting=0)
2023-05-04 10:50:35,261 INFO [SpringContextShutdownHook][HikariDataSource.java:352] - HikariPool-1 - Shutdown completed.
2023-05-04 10:50:35,261 INFO [SpringContextShutdownHook][HikariDataSource.java:352] - HikariPool-1 - Shutdown completed.
2023-05-04 10:50:35,865 INFO [SpringContextShutdownHook][ExecutorConfigurationSupport.java:218] - Shutting down ExecutorService 'taskScheduler'
2023-05-04 10:50:35,865 INFO [SpringContextShutdownHook][ExecutorConfigurationSupport.java:218] - Shutting down ExecutorService 'taskScheduler'
2023-05-04 10:50:35,865 INFO [SpringContextShutdownHook][ExecutorConfigurationSupport.java:218] - Shutting down ExecutorService 'applicationTaskExecutor'
2023-05-04 10:50:35,865 INFO [SpringContextShutdownHook][ExecutorConfigurationSupport.java:218] - Shutting down ExecutorService 'applicationTaskExecutor'
2023-05-04 10:50:35,866 INFO [SpringContextShutdownHook][HikariDataSource.java:350] - HikariPool-1 - Shutdown initiated...
2023-05-04 10:50:35,866 INFO [SpringContextShutdownHook][HikariDataSource.java:350] - HikariPool-1 - Shutdown initiated...
2023-05-04 10:50:35,867 DEBUG [SpringContextShutdownHook][HikariPool.java:421] - HikariPool-1 - Before shutdown stats (total=10, active=0, idle=10, waiting=0)
2023-05-04 10:50:35,867 DEBUG [SpringContextShutdownHook][HikariPool.java:421] - HikariPool-1 - Before shutdown stats (total=10, active=0, idle=10, waiting=0)
2023-05-04 10:50:35,867 DEBUG [HikariPool-1 connection closer][PoolBase.java:134] - HikariPool-1 - Closing connection com.mysql.cj.jdbc.ConnectionImpl@46d90c: (connection evicted)
2023-05-04 10:50:35,867 DEBUG [HikariPool-1 connection closer][PoolBase.java:134] - HikariPool-1 - Closing connection com.mysql.cj.jdbc.ConnectionImpl@46d90c: (connection evicted)
2023-05-04 10:50:35,870 DEBUG [HikariPool-1 connection closer][PoolBase.java:134] - HikariPool-1 - Closing connection com.mysql.cj.jdbc.ConnectionImpl@1bb9bf5: (connection evicted)
2023-05-04 10:50:35,870 DEBUG [HikariPool-1 connection closer][PoolBase.java:134] - HikariPool-1 - Closing connection com.mysql.cj.jdbc.ConnectionImpl@1bb9bf5: (connection evicted)
2023-05-04 10:50:35,870 DEBUG [HikariPool-1 connection closer][PoolBase.java:134] - HikariPool-1 - Closing connection com.mysql.cj.jdbc.ConnectionImpl@8691ce: (connection evicted)
2023-05-04 10:50:35,870 DEBUG [HikariPool-1 connection closer][PoolBase.java:134] - HikariPool-1 - Closing connection com.mysql.cj.jdbc.ConnectionImpl@8691ce: (connection evicted)
2023-05-04 10:50:35,871 DEBUG [HikariPool-1 connection closer][PoolBase.java:134] - HikariPool-1 - Closing connection com.mysql.cj.jdbc.ConnectionImpl@1d864da: (connection evicted)
2023-05-04 10:50:35,871 DEBUG [HikariPool-1 connection closer][PoolBase.java:134] - HikariPool-1 - Closing connection com.mysql.cj.jdbc.ConnectionImpl@1d864da: (connection evicted)
2023-05-04 10:50:35,871 DEBUG [HikariPool-1 connection closer][PoolBase.java:134] - HikariPool-1 - Closing connection com.mysql.cj.jdbc.ConnectionImpl@a96e81: (connection evicted)
2023-05-04 10:50:35,871 DEBUG [HikariPool-1 connection closer][PoolBase.java:134] - HikariPool-1 - Closing connection com.mysql.cj.jdbc.ConnectionImpl@a96e81: (connection evicted)
2023-05-04 10:50:35,871 DEBUG [HikariPool-1 connection closer][PoolBase.java:134] - HikariPool-1 - Closing connection com.mysql.cj.jdbc.ConnectionImpl@1355333: (connection evicted)
2023-05-04 10:50:35,871 DEBUG [HikariPool-1 connection closer][PoolBase.java:134] - HikariPool-1 - Closing connection com.mysql.cj.jdbc.ConnectionImpl@1355333: (connection evicted)
2023-05-04 10:50:35,872 DEBUG [HikariPool-1 connection closer][PoolBase.java:134] - HikariPool-1 - Closing connection com.mysql.cj.jdbc.ConnectionImpl@e7f691: (connection evicted)
2023-05-04 10:50:35,872 DEBUG [HikariPool-1 connection closer][PoolBase.java:134] - HikariPool-1 - Closing connection com.mysql.cj.jdbc.ConnectionImpl@e7f691: (connection evicted)
2023-05-04 10:50:35,872 DEBUG [HikariPool-1 connection closer][PoolBase.java:134] - HikariPool-1 - Closing connection com.mysql.cj.jdbc.ConnectionImpl@21a7c2: (connection evicted)
2023-05-04 10:50:35,872 DEBUG [HikariPool-1 connection closer][PoolBase.java:134] - HikariPool-1 - Closing connection com.mysql.cj.jdbc.ConnectionImpl@21a7c2: (connection evicted)
2023-05-04 10:50:35,872 DEBUG [HikariPool-1 connection closer][PoolBase.java:134] - HikariPool-1 - Closing connection com.mysql.cj.jdbc.ConnectionImpl@50a7c4: (connection evicted)
2023-05-04 10:50:35,872 DEBUG [HikariPool-1 connection closer][PoolBase.java:134] - HikariPool-1 - Closing connection com.mysql.cj.jdbc.ConnectionImpl@50a7c4: (connection evicted)
2023-05-04 10:50:35,872 DEBUG [HikariPool-1 connection closer][PoolBase.java:134] - HikariPool-1 - Closing connection com.mysql.cj.jdbc.ConnectionImpl@bc95d7: (connection evicted)
2023-05-04 10:50:35,872 DEBUG [HikariPool-1 connection closer][PoolBase.java:134] - HikariPool-1 - Closing connection com.mysql.cj.jdbc.ConnectionImpl@bc95d7: (connection evicted)
2023-05-04 10:50:35,873 DEBUG [SpringContextShutdownHook][HikariPool.java:421] - HikariPool-1 - After shutdown stats (total=0, active=0, idle=0, waiting=0)
2023-05-04 10:50:35,873 DEBUG [SpringContextShutdownHook][HikariPool.java:421] - HikariPool-1 - After shutdown stats (total=0, active=0, idle=0, waiting=0)
2023-05-04 10:50:35,873 INFO [SpringContextShutdownHook][HikariDataSource.java:352] - HikariPool-1 - Shutdown completed.
2023-05-04 10:50:35,873 INFO [SpringContextShutdownHook][HikariDataSource.java:352] - HikariPool-1 - Shutdown completed.
