2023-05-19 22:20:07,829 INFO [SpringContextShutdownHook][ExecutorConfigurationSupport.java:218] - Shutting down ExecutorService 'taskScheduler'
2023-05-19 22:20:07,829 INFO [SpringContextShutdownHook][ExecutorConfigurationSupport.java:218] - Shutting down ExecutorService 'taskScheduler'
2023-05-19 22:20:07,845 INFO [SpringContextShutdownHook][NacosServiceRegistry.java:114] - De-registration finished.
2023-05-19 22:20:07,845 INFO [SpringContextShutdownHook][NacosServiceRegistry.java:114] - De-registration finished.
2023-05-19 22:20:07,846 INFO [SpringContextShutdownHook][BeatReactor.java:147] - com.alibaba.nacos.client.naming.beat.BeatReactor do shutdown begin
2023-05-19 22:20:07,846 INFO [SpringContextShutdownHook][BeatReactor.java:147] - com.alibaba.nacos.client.naming.beat.BeatReactor do shutdown begin
2023-05-19 22:20:07,847 INFO [SpringContextShutdownHook][ExecutorConfigurationSupport.java:218] - Shutting down ExecutorService 'applicationTaskExecutor'
2023-05-19 22:20:07,847 INFO [SpringContextShutdownHook][ExecutorConfigurationSupport.java:218] - Shutting down ExecutorService 'applicationTaskExecutor'
2023-05-19 22:20:07,884 DEBUG [com.alibaba.nacos.client.naming.updater][NamingProxy.java:195] - server list provided by user: [localhost:8848]
2023-05-19 22:20:07,884 DEBUG [com.alibaba.nacos.client.naming.updater][NamingProxy.java:195] - server list provided by user: [localhost:8848]
2023-05-19 22:20:07,937 INFO [SpringContextShutdownHook][BeatReactor.java:149] - com.alibaba.nacos.client.naming.beat.BeatReactor do shutdown stop
2023-05-19 22:20:07,937 INFO [SpringContextShutdownHook][BeatReactor.java:149] - com.alibaba.nacos.client.naming.beat.BeatReactor do shutdown stop
2023-05-19 22:20:07,938 INFO [SpringContextShutdownHook][HostReactor.java:413] - com.alibaba.nacos.client.naming.core.HostReactor do shutdown begin
2023-05-19 22:20:07,938 INFO [SpringContextShutdownHook][HostReactor.java:413] - com.alibaba.nacos.client.naming.core.HostReactor do shutdown begin
2023-05-19 22:20:08,391 DEBUG [com.alibaba.nacos.naming.failover][FailoverReactor.java:147] - failover switch is not found, failover00-00---000-VIPSRV_FAILOVER_SWITCH-000---00-00
2023-05-19 22:20:08,391 DEBUG [com.alibaba.nacos.naming.failover][FailoverReactor.java:147] - failover switch is not found, failover00-00---000-VIPSRV_FAILOVER_SWITCH-000---00-00
2023-05-19 22:20:08,506 INFO [com.alibaba.nacos.naming.push.receiver][PushReceiver.java:97] - received push data: {"type":"dom","data":"{\"dom\":\"xuecheng-plus-project@@gateway\",\"name\":\"xuecheng-plus-project@@gateway\",\"cacheMillis\":10000,\"lastRefTime\":1684506008504,\"checksum\":\"7ff3f9858a48e543e88caf5d4022ddd5\",\"useSpecifiedURL\":false,\"clusters\":\"DEFAULT\",\"env\":\"\",\"hosts\":[],\"metadata\":{}}","lastRefTime":215445105655500} from /172.19.128.1
2023-05-19 22:20:08,506 INFO [com.alibaba.nacos.naming.push.receiver][PushReceiver.java:97] - received push data: {"type":"dom","data":"{\"dom\":\"xuecheng-plus-project@@gateway\",\"name\":\"xuecheng-plus-project@@gateway\",\"cacheMillis\":10000,\"lastRefTime\":1684506008504,\"checksum\":\"7ff3f9858a48e543e88caf5d4022ddd5\",\"useSpecifiedURL\":false,\"clusters\":\"DEFAULT\",\"env\":\"\",\"hosts\":[],\"metadata\":{}}","lastRefTime":215445105655500} from /172.19.128.1
2023-05-19 22:20:08,507 INFO [com.alibaba.nacos.naming.push.receiver][HostReactor.java:238] - removed ips(1) service: xuecheng-plus-project@@gateway@@DEFAULT -> [{"instanceId":"192.168.3.20#63010#DEFAULT#xuecheng-plus-project@@gateway","ip":"192.168.3.20","port":63010,"weight":1.0,"healthy":true,"enabled":true,"ephemeral":true,"clusterName":"DEFAULT","serviceName":"xuecheng-plus-project@@gateway","metadata":{"preserved.register.source":"SPRING_CLOUD"},"ipDeleteTimeout":30000,"instanceHeartBeatInterval":5000,"instanceHeartBeatTimeOut":15000}]
2023-05-19 22:20:08,507 INFO [com.alibaba.nacos.naming.push.receiver][HostReactor.java:238] - removed ips(1) service: xuecheng-plus-project@@gateway@@DEFAULT -> [{"instanceId":"192.168.3.20#63010#DEFAULT#xuecheng-plus-project@@gateway","ip":"192.168.3.20","port":63010,"weight":1.0,"healthy":true,"enabled":true,"ephemeral":true,"clusterName":"DEFAULT","serviceName":"xuecheng-plus-project@@gateway","metadata":{"preserved.register.source":"SPRING_CLOUD"},"ipDeleteTimeout":30000,"instanceHeartBeatInterval":5000,"instanceHeartBeatTimeOut":15000}]
2023-05-19 22:20:08,508 DEBUG [nacos.publisher-com.alibaba.nacos.client.naming.event.InstancesChangeEvent][DefaultPublisher.java:193] - [NotifyCenter] the com.alibaba.nacos.client.naming.event.InstancesChangeEvent@2287f6 will received by com.alibaba.nacos.client.naming.event.InstancesChangeNotifier@d6fdd4
2023-05-19 22:20:08,508 DEBUG [nacos.publisher-com.alibaba.nacos.client.naming.event.InstancesChangeEvent][DefaultPublisher.java:193] - [NotifyCenter] the com.alibaba.nacos.client.naming.event.InstancesChangeEvent@2287f6 will received by com.alibaba.nacos.client.naming.event.InstancesChangeNotifier@d6fdd4
2023-05-19 22:20:08,509 INFO [com.alibaba.nacos.naming.push.receiver][HostReactor.java:271] - current ips:(0) service: xuecheng-plus-project@@gateway@@DEFAULT -> []
2023-05-19 22:20:08,509 INFO [com.alibaba.nacos.naming.push.receiver][HostReactor.java:271] - current ips:(0) service: xuecheng-plus-project@@gateway@@DEFAULT -> []
2023-05-19 22:20:08,624 INFO [SpringContextShutdownHook][BeatReactor.java:149] - com.alibaba.nacos.client.naming.beat.BeatReactor do shutdown stop
2023-05-19 22:20:08,624 INFO [SpringContextShutdownHook][BeatReactor.java:149] - com.alibaba.nacos.client.naming.beat.BeatReactor do shutdown stop
2023-05-19 22:20:08,624 INFO [SpringContextShutdownHook][HostReactor.java:413] - com.alibaba.nacos.client.naming.core.HostReactor do shutdown begin
2023-05-19 22:20:08,624 INFO [SpringContextShutdownHook][HostReactor.java:413] - com.alibaba.nacos.client.naming.core.HostReactor do shutdown begin
2023-05-19 22:20:08,781 INFO [com.alibaba.nacos.naming.push.receiver][PushReceiver.java:97] - received push data: {"type":"dom","data":"{\"dom\":\"xuecheng-plus-project@@content-api\",\"name\":\"xuecheng-plus-project@@content-api\",\"cacheMillis\":10000,\"lastRefTime\":1684506008780,\"checksum\":\"b9882353305a55afb8e2c53bb9424188\",\"useSpecifiedURL\":false,\"clusters\":\"DEFAULT\",\"env\":\"\",\"hosts\":[],\"metadata\":{}}","lastRefTime":215445381494900} from /172.19.128.1
2023-05-19 22:20:08,781 INFO [com.alibaba.nacos.naming.push.receiver][PushReceiver.java:97] - received push data: {"type":"dom","data":"{\"dom\":\"xuecheng-plus-project@@content-api\",\"name\":\"xuecheng-plus-project@@content-api\",\"cacheMillis\":10000,\"lastRefTime\":1684506008780,\"checksum\":\"b9882353305a55afb8e2c53bb9424188\",\"useSpecifiedURL\":false,\"clusters\":\"DEFAULT\",\"env\":\"\",\"hosts\":[],\"metadata\":{}}","lastRefTime":215445381494900} from /172.19.128.1
2023-05-19 22:20:08,781 INFO [com.alibaba.nacos.naming.push.receiver][HostReactor.java:238] - removed ips(1) service: xuecheng-plus-project@@content-api@@DEFAULT -> [{"instanceId":"192.168.3.20#63040#DEFAULT#xuecheng-plus-project@@content-api","ip":"192.168.3.20","port":63040,"weight":1.0,"healthy":true,"enabled":true,"ephemeral":true,"clusterName":"DEFAULT","serviceName":"xuecheng-plus-project@@content-api","metadata":{"preserved.register.source":"SPRING_CLOUD"},"ipDeleteTimeout":30000,"instanceHeartBeatTimeOut":15000,"instanceHeartBeatInterval":5000}]
2023-05-19 22:20:08,781 INFO [com.alibaba.nacos.naming.push.receiver][HostReactor.java:238] - removed ips(1) service: xuecheng-plus-project@@content-api@@DEFAULT -> [{"instanceId":"192.168.3.20#63040#DEFAULT#xuecheng-plus-project@@content-api","ip":"192.168.3.20","port":63040,"weight":1.0,"healthy":true,"enabled":true,"ephemeral":true,"clusterName":"DEFAULT","serviceName":"xuecheng-plus-project@@content-api","metadata":{"preserved.register.source":"SPRING_CLOUD"},"ipDeleteTimeout":30000,"instanceHeartBeatTimeOut":15000,"instanceHeartBeatInterval":5000}]
2023-05-19 22:20:08,782 DEBUG [nacos.publisher-com.alibaba.nacos.client.naming.event.InstancesChangeEvent][DefaultPublisher.java:193] - [NotifyCenter] the com.alibaba.nacos.client.naming.event.InstancesChangeEvent@24bd2 will received by com.alibaba.nacos.client.naming.event.InstancesChangeNotifier@f280bd
2023-05-19 22:20:08,782 DEBUG [nacos.publisher-com.alibaba.nacos.client.naming.event.InstancesChangeEvent][DefaultPublisher.java:193] - [NotifyCenter] the com.alibaba.nacos.client.naming.event.InstancesChangeEvent@24bd2 will received by com.alibaba.nacos.client.naming.event.InstancesChangeNotifier@f280bd
2023-05-19 22:20:08,782 INFO [com.alibaba.nacos.naming.push.receiver][HostReactor.java:271] - current ips:(0) service: xuecheng-plus-project@@content-api@@DEFAULT -> []
2023-05-19 22:20:08,782 INFO [com.alibaba.nacos.naming.push.receiver][HostReactor.java:271] - current ips:(0) service: xuecheng-plus-project@@content-api@@DEFAULT -> []
2023-05-19 22:20:08,852 INFO [com.alibaba.nacos.naming.push.receiver][PushReceiver.java:97] - received push data: {"type":"dom","data":"{\"dom\":\"xuecheng-plus-project@@media-api\",\"name\":\"xuecheng-plus-project@@media-api\",\"cacheMillis\":10000,\"lastRefTime\":1684506008850,\"checksum\":\"e581954b7428757802b5a9598d3a399d\",\"useSpecifiedURL\":false,\"clusters\":\"DEFAULT\",\"env\":\"\",\"hosts\":[],\"metadata\":{}}","lastRefTime":215445451454800} from /172.19.128.1
2023-05-19 22:20:08,852 INFO [com.alibaba.nacos.naming.push.receiver][PushReceiver.java:97] - received push data: {"type":"dom","data":"{\"dom\":\"xuecheng-plus-project@@media-api\",\"name\":\"xuecheng-plus-project@@media-api\",\"cacheMillis\":10000,\"lastRefTime\":1684506008850,\"checksum\":\"e581954b7428757802b5a9598d3a399d\",\"useSpecifiedURL\":false,\"clusters\":\"DEFAULT\",\"env\":\"\",\"hosts\":[],\"metadata\":{}}","lastRefTime":215445451454800} from /172.19.128.1
2023-05-19 22:20:08,853 INFO [com.alibaba.nacos.naming.push.receiver][HostReactor.java:238] - removed ips(1) service: xuecheng-plus-project@@media-api@@DEFAULT -> [{"instanceId":"192.168.3.20#63050#DEFAULT#xuecheng-plus-project@@media-api","ip":"192.168.3.20","port":63050,"weight":1.0,"healthy":true,"enabled":true,"ephemeral":true,"clusterName":"DEFAULT","serviceName":"xuecheng-plus-project@@media-api","metadata":{"preserved.register.source":"SPRING_CLOUD"},"ipDeleteTimeout":30000,"instanceHeartBeatInterval":5000,"instanceHeartBeatTimeOut":15000}]
2023-05-19 22:20:08,853 INFO [com.alibaba.nacos.naming.push.receiver][HostReactor.java:238] - removed ips(1) service: xuecheng-plus-project@@media-api@@DEFAULT -> [{"instanceId":"192.168.3.20#63050#DEFAULT#xuecheng-plus-project@@media-api","ip":"192.168.3.20","port":63050,"weight":1.0,"healthy":true,"enabled":true,"ephemeral":true,"clusterName":"DEFAULT","serviceName":"xuecheng-plus-project@@media-api","metadata":{"preserved.register.source":"SPRING_CLOUD"},"ipDeleteTimeout":30000,"instanceHeartBeatInterval":5000,"instanceHeartBeatTimeOut":15000}]
2023-05-19 22:20:08,853 DEBUG [nacos.publisher-com.alibaba.nacos.client.naming.event.InstancesChangeEvent][DefaultPublisher.java:193] - [NotifyCenter] the com.alibaba.nacos.client.naming.event.InstancesChangeEvent@1a9a362 will received by com.alibaba.nacos.client.naming.event.InstancesChangeNotifier@3fe698
2023-05-19 22:20:08,853 DEBUG [nacos.publisher-com.alibaba.nacos.client.naming.event.InstancesChangeEvent][DefaultPublisher.java:193] - [NotifyCenter] the com.alibaba.nacos.client.naming.event.InstancesChangeEvent@1a9a362 will received by com.alibaba.nacos.client.naming.event.InstancesChangeNotifier@3fe698
2023-05-19 22:20:08,854 INFO [com.alibaba.nacos.naming.push.receiver][HostReactor.java:271] - current ips:(0) service: xuecheng-plus-project@@media-api@@DEFAULT -> []
2023-05-19 22:20:08,854 INFO [com.alibaba.nacos.naming.push.receiver][HostReactor.java:271] - current ips:(0) service: xuecheng-plus-project@@media-api@@DEFAULT -> []
2023-05-19 22:20:09,075 DEBUG [com.alibaba.nacos.naming.failover][FailoverReactor.java:147] - failover switch is not found, failover00-00---000-VIPSRV_FAILOVER_SWITCH-000---00-00
2023-05-19 22:20:09,075 DEBUG [com.alibaba.nacos.naming.failover][FailoverReactor.java:147] - failover switch is not found, failover00-00---000-VIPSRV_FAILOVER_SWITCH-000---00-00
2023-05-19 22:20:09,966 INFO [SpringContextShutdownHook][BeatReactor.java:149] - com.alibaba.nacos.client.naming.beat.BeatReactor do shutdown stop
2023-05-19 22:20:09,966 INFO [SpringContextShutdownHook][BeatReactor.java:149] - com.alibaba.nacos.client.naming.beat.BeatReactor do shutdown stop
2023-05-19 22:20:09,967 INFO [SpringContextShutdownHook][HostReactor.java:413] - com.alibaba.nacos.client.naming.core.HostReactor do shutdown begin
2023-05-19 22:20:09,967 INFO [SpringContextShutdownHook][HostReactor.java:413] - com.alibaba.nacos.client.naming.core.HostReactor do shutdown begin
2023-05-19 22:20:10,869 DEBUG [com.alibaba.nacos.naming.failover][FailoverReactor.java:147] - failover switch is not found, failover00-00---000-VIPSRV_FAILOVER_SWITCH-000---00-00
2023-05-19 22:20:10,869 DEBUG [com.alibaba.nacos.naming.failover][FailoverReactor.java:147] - failover switch is not found, failover00-00---000-VIPSRV_FAILOVER_SWITCH-000---00-00
2023-05-19 22:20:10,940 INFO [SpringContextShutdownHook][PushReceiver.java:132] - com.alibaba.nacos.client.naming.core.PushReceiver do shutdown begin
2023-05-19 22:20:10,940 INFO [SpringContextShutdownHook][PushReceiver.java:132] - com.alibaba.nacos.client.naming.core.PushReceiver do shutdown begin
2023-05-19 22:20:11,626 INFO [SpringContextShutdownHook][PushReceiver.java:132] - com.alibaba.nacos.client.naming.core.PushReceiver do shutdown begin
2023-05-19 22:20:11,626 INFO [SpringContextShutdownHook][PushReceiver.java:132] - com.alibaba.nacos.client.naming.core.PushReceiver do shutdown begin
2023-05-19 22:20:12,971 INFO [SpringContextShutdownHook][PushReceiver.java:132] - com.alibaba.nacos.client.naming.core.PushReceiver do shutdown begin
2023-05-19 22:20:12,971 INFO [SpringContextShutdownHook][PushReceiver.java:132] - com.alibaba.nacos.client.naming.core.PushReceiver do shutdown begin
2023-05-19 22:20:13,392 DEBUG [com.alibaba.nacos.naming.failover][FailoverReactor.java:147] - failover switch is not found, failover00-00---000-VIPSRV_FAILOVER_SWITCH-000---00-00
2023-05-19 22:20:13,392 DEBUG [com.alibaba.nacos.naming.failover][FailoverReactor.java:147] - failover switch is not found, failover00-00---000-VIPSRV_FAILOVER_SWITCH-000---00-00
2023-05-19 22:20:13,942 INFO [SpringContextShutdownHook][PushReceiver.java:136] - com.alibaba.nacos.client.naming.core.PushReceiver do shutdown stop
2023-05-19 22:20:13,942 INFO [SpringContextShutdownHook][PushReceiver.java:136] - com.alibaba.nacos.client.naming.core.PushReceiver do shutdown stop
2023-05-19 22:20:13,942 INFO [SpringContextShutdownHook][FailoverReactor.java:132] - com.alibaba.nacos.client.naming.backups.FailoverReactor do shutdown begin
2023-05-19 22:20:13,942 INFO [SpringContextShutdownHook][FailoverReactor.java:132] - com.alibaba.nacos.client.naming.backups.FailoverReactor do shutdown begin
2023-05-19 22:20:13,942 INFO [SpringContextShutdownHook][FailoverReactor.java:134] - com.alibaba.nacos.client.naming.backups.FailoverReactor do shutdown stop
2023-05-19 22:20:13,942 INFO [SpringContextShutdownHook][FailoverReactor.java:134] - com.alibaba.nacos.client.naming.backups.FailoverReactor do shutdown stop
2023-05-19 22:20:13,942 INFO [SpringContextShutdownHook][HostReactor.java:418] - com.alibaba.nacos.client.naming.core.HostReactor do shutdown stop
2023-05-19 22:20:13,942 INFO [SpringContextShutdownHook][HostReactor.java:418] - com.alibaba.nacos.client.naming.core.HostReactor do shutdown stop
2023-05-19 22:20:13,942 INFO [SpringContextShutdownHook][NamingProxy.java:719] - com.alibaba.nacos.client.naming.net.NamingProxy do shutdown begin
2023-05-19 22:20:13,942 INFO [SpringContextShutdownHook][NamingProxy.java:719] - com.alibaba.nacos.client.naming.net.NamingProxy do shutdown begin
2023-05-19 22:20:13,943 WARN [SpringContextShutdownHook][NamingHttpClientManager.java:72] - [NamingHttpClientManager] Start destroying NacosRestTemplate
2023-05-19 22:20:13,943 WARN [SpringContextShutdownHook][NamingHttpClientManager.java:72] - [NamingHttpClientManager] Start destroying NacosRestTemplate
2023-05-19 22:20:13,943 WARN [SpringContextShutdownHook][NamingHttpClientManager.java:79] - [NamingHttpClientManager] Destruction of the end
2023-05-19 22:20:13,943 WARN [SpringContextShutdownHook][NamingHttpClientManager.java:79] - [NamingHttpClientManager] Destruction of the end
2023-05-19 22:20:13,943 INFO [SpringContextShutdownHook][CredentialWatcher.java:105] - [null] CredentialWatcher is stopped
2023-05-19 22:20:13,943 INFO [SpringContextShutdownHook][CredentialWatcher.java:105] - [null] CredentialWatcher is stopped
2023-05-19 22:20:13,943 INFO [SpringContextShutdownHook][CredentialService.java:98] - [null] CredentialService is freed
2023-05-19 22:20:13,943 INFO [SpringContextShutdownHook][CredentialService.java:98] - [null] CredentialService is freed
2023-05-19 22:20:13,943 INFO [SpringContextShutdownHook][NamingProxy.java:723] - com.alibaba.nacos.client.naming.net.NamingProxy do shutdown stop
2023-05-19 22:20:13,943 INFO [SpringContextShutdownHook][NamingProxy.java:723] - com.alibaba.nacos.client.naming.net.NamingProxy do shutdown stop
2023-05-19 22:20:13,944 WARN [SpringContextShutdownHook][DisposableBeanAdapter.java:349] - Destroy method 'close' on bean with name 'nacosServiceRegistry' threw an exception: java.lang.NullPointerException
2023-05-19 22:20:13,944 WARN [SpringContextShutdownHook][DisposableBeanAdapter.java:349] - Destroy method 'close' on bean with name 'nacosServiceRegistry' threw an exception: java.lang.NullPointerException
2023-05-19 22:20:13,945 INFO [SpringContextShutdownHook][ExecutorConfigurationSupport.java:218] - Shutting down ExecutorService 'applicationTaskExecutor'
2023-05-19 22:20:13,945 INFO [SpringContextShutdownHook][ExecutorConfigurationSupport.java:218] - Shutting down ExecutorService 'applicationTaskExecutor'
2023-05-19 22:20:14,629 INFO [SpringContextShutdownHook][PushReceiver.java:136] - com.alibaba.nacos.client.naming.core.PushReceiver do shutdown stop
2023-05-19 22:20:14,629 INFO [SpringContextShutdownHook][PushReceiver.java:136] - com.alibaba.nacos.client.naming.core.PushReceiver do shutdown stop
2023-05-19 22:20:14,629 INFO [SpringContextShutdownHook][FailoverReactor.java:132] - com.alibaba.nacos.client.naming.backups.FailoverReactor do shutdown begin
2023-05-19 22:20:14,629 INFO [SpringContextShutdownHook][FailoverReactor.java:132] - com.alibaba.nacos.client.naming.backups.FailoverReactor do shutdown begin
2023-05-19 22:20:14,629 INFO [SpringContextShutdownHook][FailoverReactor.java:134] - com.alibaba.nacos.client.naming.backups.FailoverReactor do shutdown stop
2023-05-19 22:20:14,629 INFO [SpringContextShutdownHook][FailoverReactor.java:134] - com.alibaba.nacos.client.naming.backups.FailoverReactor do shutdown stop
2023-05-19 22:20:14,629 INFO [SpringContextShutdownHook][HostReactor.java:418] - com.alibaba.nacos.client.naming.core.HostReactor do shutdown stop
2023-05-19 22:20:14,629 INFO [SpringContextShutdownHook][HostReactor.java:418] - com.alibaba.nacos.client.naming.core.HostReactor do shutdown stop
2023-05-19 22:20:14,630 INFO [SpringContextShutdownHook][NamingProxy.java:719] - com.alibaba.nacos.client.naming.net.NamingProxy do shutdown begin
2023-05-19 22:20:14,630 INFO [SpringContextShutdownHook][NamingProxy.java:719] - com.alibaba.nacos.client.naming.net.NamingProxy do shutdown begin
2023-05-19 22:20:14,630 WARN [SpringContextShutdownHook][NamingHttpClientManager.java:72] - [NamingHttpClientManager] Start destroying NacosRestTemplate
2023-05-19 22:20:14,630 WARN [SpringContextShutdownHook][NamingHttpClientManager.java:72] - [NamingHttpClientManager] Start destroying NacosRestTemplate
2023-05-19 22:20:14,630 WARN [SpringContextShutdownHook][NamingHttpClientManager.java:79] - [NamingHttpClientManager] Destruction of the end
2023-05-19 22:20:14,630 WARN [SpringContextShutdownHook][NamingHttpClientManager.java:79] - [NamingHttpClientManager] Destruction of the end
2023-05-19 22:20:14,630 INFO [SpringContextShutdownHook][CredentialWatcher.java:105] - [null] CredentialWatcher is stopped
2023-05-19 22:20:14,630 INFO [SpringContextShutdownHook][CredentialWatcher.java:105] - [null] CredentialWatcher is stopped
2023-05-19 22:20:14,630 INFO [SpringContextShutdownHook][CredentialService.java:98] - [null] CredentialService is freed
2023-05-19 22:20:14,630 INFO [SpringContextShutdownHook][CredentialService.java:98] - [null] CredentialService is freed
2023-05-19 22:20:14,630 INFO [SpringContextShutdownHook][NamingProxy.java:723] - com.alibaba.nacos.client.naming.net.NamingProxy do shutdown stop
2023-05-19 22:20:14,630 INFO [SpringContextShutdownHook][NamingProxy.java:723] - com.alibaba.nacos.client.naming.net.NamingProxy do shutdown stop
2023-05-19 22:20:14,631 WARN [SpringContextShutdownHook][DisposableBeanAdapter.java:349] - Destroy method 'close' on bean with name 'nacosServiceRegistry' threw an exception: java.lang.NullPointerException
2023-05-19 22:20:14,631 WARN [SpringContextShutdownHook][DisposableBeanAdapter.java:349] - Destroy method 'close' on bean with name 'nacosServiceRegistry' threw an exception: java.lang.NullPointerException
2023-05-19 22:20:15,870 DEBUG [com.alibaba.nacos.naming.failover][FailoverReactor.java:147] - failover switch is not found, failover00-00---000-VIPSRV_FAILOVER_SWITCH-000---00-00
2023-05-19 22:20:15,870 DEBUG [com.alibaba.nacos.naming.failover][FailoverReactor.java:147] - failover switch is not found, failover00-00---000-VIPSRV_FAILOVER_SWITCH-000---00-00
2023-05-19 22:20:15,973 INFO [SpringContextShutdownHook][PushReceiver.java:136] - com.alibaba.nacos.client.naming.core.PushReceiver do shutdown stop
2023-05-19 22:20:15,973 INFO [SpringContextShutdownHook][PushReceiver.java:136] - com.alibaba.nacos.client.naming.core.PushReceiver do shutdown stop
2023-05-19 22:20:15,973 INFO [SpringContextShutdownHook][FailoverReactor.java:132] - com.alibaba.nacos.client.naming.backups.FailoverReactor do shutdown begin
2023-05-19 22:20:15,973 INFO [SpringContextShutdownHook][FailoverReactor.java:132] - com.alibaba.nacos.client.naming.backups.FailoverReactor do shutdown begin
2023-05-19 22:20:15,973 INFO [SpringContextShutdownHook][FailoverReactor.java:134] - com.alibaba.nacos.client.naming.backups.FailoverReactor do shutdown stop
2023-05-19 22:20:15,973 INFO [SpringContextShutdownHook][HostReactor.java:418] - com.alibaba.nacos.client.naming.core.HostReactor do shutdown stop
2023-05-19 22:20:15,973 INFO [SpringContextShutdownHook][NamingProxy.java:719] - com.alibaba.nacos.client.naming.net.NamingProxy do shutdown begin
2023-05-19 22:20:15,973 INFO [SpringContextShutdownHook][FailoverReactor.java:134] - com.alibaba.nacos.client.naming.backups.FailoverReactor do shutdown stop
2023-05-19 22:20:15,973 INFO [SpringContextShutdownHook][HostReactor.java:418] - com.alibaba.nacos.client.naming.core.HostReactor do shutdown stop
2023-05-19 22:20:15,973 INFO [SpringContextShutdownHook][NamingProxy.java:719] - com.alibaba.nacos.client.naming.net.NamingProxy do shutdown begin
2023-05-19 22:20:15,974 WARN [SpringContextShutdownHook][NamingHttpClientManager.java:72] - [NamingHttpClientManager] Start destroying NacosRestTemplate
2023-05-19 22:20:15,974 WARN [SpringContextShutdownHook][NamingHttpClientManager.java:72] - [NamingHttpClientManager] Start destroying NacosRestTemplate
2023-05-19 22:20:15,974 WARN [SpringContextShutdownHook][NamingHttpClientManager.java:79] - [NamingHttpClientManager] Destruction of the end
2023-05-19 22:20:15,974 WARN [SpringContextShutdownHook][NamingHttpClientManager.java:79] - [NamingHttpClientManager] Destruction of the end
2023-05-19 22:20:15,974 INFO [SpringContextShutdownHook][CredentialWatcher.java:105] - [null] CredentialWatcher is stopped
2023-05-19 22:20:15,974 INFO [SpringContextShutdownHook][CredentialWatcher.java:105] - [null] CredentialWatcher is stopped
2023-05-19 22:20:15,974 INFO [SpringContextShutdownHook][CredentialService.java:98] - [null] CredentialService is freed
2023-05-19 22:20:15,974 INFO [SpringContextShutdownHook][CredentialService.java:98] - [null] CredentialService is freed
2023-05-19 22:20:15,974 INFO [SpringContextShutdownHook][NamingProxy.java:723] - com.alibaba.nacos.client.naming.net.NamingProxy do shutdown stop
2023-05-19 22:20:15,974 INFO [SpringContextShutdownHook][NamingProxy.java:723] - com.alibaba.nacos.client.naming.net.NamingProxy do shutdown stop
2023-05-19 22:20:15,975 WARN [SpringContextShutdownHook][DisposableBeanAdapter.java:346] - Destroy method 'close' on bean with name 'nacosServiceRegistry' threw an exception
java.lang.NullPointerException
	at com.alibaba.cloud.nacos.NacosServiceManager.nacosServiceShutDown(NacosServiceManager.java:115)
	at com.alibaba.cloud.nacos.registry.NacosServiceRegistry.close(NacosServiceRegistry.java:120)
	at sun.reflect.NativeMethodAccessorImpl.invoke0(Native Method)
	at sun.reflect.NativeMethodAccessorImpl.invoke(NativeMethodAccessorImpl.java:62)
	at sun.reflect.DelegatingMethodAccessorImpl.invoke(DelegatingMethodAccessorImpl.java:43)
	at java.lang.reflect.Method.invoke(Method.java:498)
	at org.springframework.beans.factory.support.DisposableBeanAdapter.invokeCustomDestroyMethod(DisposableBeanAdapter.java:339)
	at org.springframework.beans.factory.support.DisposableBeanAdapter.destroy(DisposableBeanAdapter.java:273)
	at org.springframework.beans.factory.support.DefaultSingletonBeanRegistry.destroyBean(DefaultSingletonBeanRegistry.java:587)
	at org.springframework.beans.factory.support.DefaultSingletonBeanRegistry.destroySingleton(DefaultSingletonBeanRegistry.java:559)
	at org.springframework.beans.factory.support.DefaultListableBeanFactory.destroySingleton(DefaultListableBeanFactory.java:1092)
	at org.springframework.beans.factory.support.DefaultSingletonBeanRegistry.destroySingletons(DefaultSingletonBeanRegistry.java:520)
	at org.springframework.beans.factory.support.DefaultListableBeanFactory.destroySingletons(DefaultListableBeanFactory.java:1085)
	at org.springframework.context.support.AbstractApplicationContext.destroyBeans(AbstractApplicationContext.java:1061)
	at org.springframework.context.support.AbstractApplicationContext.doClose(AbstractApplicationContext.java:1030)
	at org.springframework.boot.web.servlet.context.ServletWebServerApplicationContext.doClose(ServletWebServerApplicationContext.java:170)
	at org.springframework.context.support.AbstractApplicationContext$1.run(AbstractApplicationContext.java:949)
2023-05-19 22:20:15,975 WARN [SpringContextShutdownHook][DisposableBeanAdapter.java:346] - Destroy method 'close' on bean with name 'nacosServiceRegistry' threw an exception
java.lang.NullPointerException
	at com.alibaba.cloud.nacos.NacosServiceManager.nacosServiceShutDown(NacosServiceManager.java:115)
	at com.alibaba.cloud.nacos.registry.NacosServiceRegistry.close(NacosServiceRegistry.java:120)
	at sun.reflect.NativeMethodAccessorImpl.invoke0(Native Method)
	at sun.reflect.NativeMethodAccessorImpl.invoke(NativeMethodAccessorImpl.java:62)
	at sun.reflect.DelegatingMethodAccessorImpl.invoke(DelegatingMethodAccessorImpl.java:43)
	at java.lang.reflect.Method.invoke(Method.java:498)
	at org.springframework.beans.factory.support.DisposableBeanAdapter.invokeCustomDestroyMethod(DisposableBeanAdapter.java:339)
	at org.springframework.beans.factory.support.DisposableBeanAdapter.destroy(DisposableBeanAdapter.java:273)
	at org.springframework.beans.factory.support.DefaultSingletonBeanRegistry.destroyBean(DefaultSingletonBeanRegistry.java:587)
	at org.springframework.beans.factory.support.DefaultSingletonBeanRegistry.destroySingleton(DefaultSingletonBeanRegistry.java:559)
	at org.springframework.beans.factory.support.DefaultListableBeanFactory.destroySingleton(DefaultListableBeanFactory.java:1092)
	at org.springframework.beans.factory.support.DefaultSingletonBeanRegistry.destroySingletons(DefaultSingletonBeanRegistry.java:520)
	at org.springframework.beans.factory.support.DefaultListableBeanFactory.destroySingletons(DefaultListableBeanFactory.java:1085)
	at org.springframework.context.support.AbstractApplicationContext.destroyBeans(AbstractApplicationContext.java:1061)
	at org.springframework.context.support.AbstractApplicationContext.doClose(AbstractApplicationContext.java:1030)
	at org.springframework.boot.web.servlet.context.ServletWebServerApplicationContext.doClose(ServletWebServerApplicationContext.java:170)
	at org.springframework.context.support.AbstractApplicationContext$1.run(AbstractApplicationContext.java:949)
2023-05-19 22:20:15,985 DEBUG [SpringContextShutdownHook][MBeanExporter.java:452] - Unregistering JMX-exposed beans on shutdown
2023-05-19 22:20:15,985 DEBUG [SpringContextShutdownHook][MBeanExporter.java:452] - Unregistering JMX-exposed beans on shutdown
2023-05-19 22:20:15,985 DEBUG [SpringContextShutdownHook][MBeanRegistrationSupport.java:186] - Unregistering JMX-exposed beans
2023-05-19 22:20:15,985 DEBUG [SpringContextShutdownHook][MBeanRegistrationSupport.java:186] - Unregistering JMX-exposed beans
2023-05-19 22:20:15,986 INFO [SpringContextShutdownHook][ExecutorConfigurationSupport.java:218] - Shutting down ExecutorService 'applicationTaskExecutor'
2023-05-19 22:20:15,986 INFO [SpringContextShutdownHook][ExecutorConfigurationSupport.java:218] - Shutting down ExecutorService 'applicationTaskExecutor'
